#
# There is insufficient memory for the Java Runtime Environment to continue.
# Native memory allocation (mmap) failed to map 70254592 bytes for committing reserved memory.
# Possible reasons:
#   The system is out of physical RAM or swap space
#   In 32 bit mode, the process size limit was hit
# Possible solutions:
#   Reduce memory load on the system
#   Increase physical memory or swap space
#   Check if swap backing store is full
#   Use 64 bit Java on a 64 bit OS
#   Decrease Java heap size (-Xmx/-Xms)
#   Decrease number of Java threads
#   Decrease Java thread stack sizes (-Xss)
#   Set larger code cache with -XX:ReservedCodeCacheSize=
# This output file may be truncated or incomplete.
#
#  Out of Memory Error (os_linux.cpp:2673), pid=9810, tid=140318932764416
#
# JRE version: Java(TM) SE Runtime Environment (8.0_45-b14) (build 1.8.0_45-b14)
# Java VM: Java HotSpot(TM) 64-Bit Server VM (25.45-b02 mixed mode linux-amd64 compressed oops)
# Failed to write core dump. Core dumps have been disabled. To enable core dumping, try "ulimit -c unlimited" before starting Java again
#

---------------  T H R E A D  ---------------

Current thread (0x00007f9e88078000):  VMThread [stack: 0x00007f9e8c148000,0x00007f9e8c249000] [id=9838]

Stack: [0x00007f9e8c148000,0x00007f9e8c249000],  sp=0x00007f9e8c246fe0,  free space=1019k
Native frames: (J=compiled Java code, j=interpreted, Vv=VM code, C=native code)
V  [libjvm.so+0xaac99a]  VMError::report_and_die()+0x2ba
V  [libjvm.so+0x4f333b]  report_vm_out_of_memory(char const*, int, unsigned long, VMErrorType, char const*)+0x8b
V  [libjvm.so+0x90e7c3]  os::Linux::commit_memory_impl(char*, unsigned long, bool)+0x103
V  [libjvm.so+0x90ed19]  os::pd_commit_memory(char*, unsigned long, unsigned long, bool)+0x29
V  [libjvm.so+0x90867a]  os::commit_memory(char*, unsigned long, unsigned long, bool)+0x2a
V  [libjvm.so+0x97bac3]  PSVirtualSpace::expand_by(unsigned long)+0x53
V  [libjvm.so+0x97cec8]  PSYoungGen::resize_generation(unsigned long, unsigned long)+0xf8
V  [libjvm.so+0x97c022]  PSYoungGen::resize(unsigned long, unsigned long)+0x22
V  [libjvm.so+0x9792fb]  PSScavenge::invoke_no_policy()+0xf7b
V  [libjvm.so+0x979a81]  PSScavenge::invoke()+0x41
V  [libjvm.so+0x932050]  ParallelScavengeHeap::failed_mem_allocate(unsigned long)+0x70
V  [libjvm.so+0xaae1d7]  VM_ParallelGCFailedAllocation::doit()+0x97
V  [libjvm.so+0xab59c5]  VM_Operation::evaluate()+0x55
V  [libjvm.so+0xab3d9a]  VMThread::evaluate_operation(VM_Operation*)+0xba
V  [libjvm.so+0xab411e]  VMThread::loop()+0x1ce
V  [libjvm.so+0xab4590]  VMThread::run()+0x70
V  [libjvm.so+0x910de8]  java_start(Thread*)+0x108

VM_Operation (0x00007f9e918c5a10): ParallelGCFailedAllocation, mode: safepoint, requested by thread 0x00007f9e8800a000


---------------  P R O C E S S  ---------------

Java Threads: ( => current thread )
  0x00007f9e880cb000 JavaThread "Service Thread" daemon [_thread_blocked, id=9867, stack(0x00007f9e78317000,0x00007f9e78418000)]
  0x00007f9e880be000 JavaThread "C1 CompilerThread2" daemon [_thread_blocked, id=9856, stack(0x00007f9e78418000,0x00007f9e78519000)]
  0x00007f9e880bc800 JavaThread "C2 CompilerThread1" daemon [_thread_blocked, id=9855, stack(0x00007f9e78519000,0x00007f9e7861a000)]
  0x00007f9e880b9800 JavaThread "C2 CompilerThread0" daemon [_thread_blocked, id=9851, stack(0x00007f9e7861a000,0x00007f9e7871b000)]
  0x00007f9e880b8000 JavaThread "Signal Dispatcher" daemon [_thread_blocked, id=9848, stack(0x00007f9e7871b000,0x00007f9e7881c000)]
  0x00007f9e8807f000 JavaThread "Finalizer" daemon [_thread_blocked, id=9847, stack(0x00007f9e78eff000,0x00007f9e79000000)]
  0x00007f9e8807d000 JavaThread "Reference Handler" daemon [_thread_blocked, id=9846, stack(0x00007f9e8c047000,0x00007f9e8c148000)]
  0x00007f9e8800a000 JavaThread "main" [_thread_blocked, id=9817, stack(0x00007f9e917c7000,0x00007f9e918c8000)]

Other Threads:
=>0x00007f9e88078000 VMThread [stack: 0x00007f9e8c148000,0x00007f9e8c249000] [id=9838]
  0x00007f9e880cd800 WatcherThread [stack: 0x00007f9e78216000,0x00007f9e78317000] [id=9870]

VM state:at safepoint (normal execution)

VM Mutex/Monitor currently owned by a thread:  ([mutex/lock_event])
[0x00007f9e88006370] Threads_lock - owner thread: 0x00007f9e88078000
[0x00007f9e88006870] Heap_lock - owner thread: 0x00007f9e8800a000

Heap:
 PSYoungGen      total 68608K, used 8160K [0x00000000eab00000, 0x00000000ef700000, 0x0000000100000000)
  eden space 60416K, 0% used [0x00000000eab00000,0x00000000eab00000,0x00000000ee600000)
  from space 8192K, 99% used [0x00000000ee600000,0x00000000eedf8120,0x00000000eee00000)
  to   space 7168K, 0% used [0x00000000eee00000,0x00000000eee00000,0x00000000ef500000)
 ParOldGen       total 40960K, used 20673K [0x00000000c0000000, 0x00000000c2800000, 0x00000000eab00000)
  object space 40960K, 50% used [0x00000000c0000000,0x00000000c14305d8,0x00000000c2800000)
 Metaspace       used 6009K, capacity 7152K, committed 7296K, reserved 1056768K
  class space    used 571K, capacity 616K, committed 640K, reserved 1048576K

Card table byte_map: [0x00007f9e8e3a6000,0x00007f9e8e5a7000] byte_map_base: 0x00007f9e8dda6000

Marking Bits: (ParMarkBitMap*) 0x00007f9e90ca4760
 Begin Bits: [0x00007f9e72000000, 0x00007f9e73000000)
 End Bits:   [0x00007f9e73000000, 0x00007f9e74000000)

Polling page: 0x00007f9e918eb000

CodeCache: size=245760Kb used=7495Kb max_used=7510Kb free=238264Kb
 bounds [0x00007f9e79000000, 0x00007f9e79770000, 0x00007f9e88000000]
 total_blobs=2006 nmethods=1742 adapters=178
 compilation: enabled

Compilation events (10 events):
Event: 9,585 Thread 0x00007f9e880be000 nmethod 1817 0x00007f9e79722ad0 code [0x00007f9e79722cc0, 0x00007f9e79723268]
Event: 10,026 Thread 0x00007f9e880be000 1820  s    2       java.io.ByteArrayOutputStream::write (66 bytes)
Event: 10,026 Thread 0x00007f9e880be000 nmethod 1820 0x00007f9e79730090 code [0x00007f9e79730220, 0x00007f9e797306c8]
Event: 10,026 Thread 0x00007f9e880be000 1821       2       java.io.ByteArrayOutputStream::ensureCapacity (16 bytes)
Event: 10,026 Thread 0x00007f9e880be000 nmethod 1821 0x00007f9e79722650 code [0x00007f9e797227c0, 0x00007f9e79722948]
Event: 10,035 Thread 0x00007f9e880be000 1827  s    2       java.io.ByteArrayOutputStream::reset (6 bytes)
Event: 10,035 Thread 0x00007f9e880be000 nmethod 1827 0x00007f9e7972fbd0 code [0x00007f9e7972fd40, 0x00007f9e7972fff0]
Event: 10,036 Thread 0x00007f9e880be000 1828  s    2       java.io.ByteArrayOutputStream::toByteArray (12 bytes)
Event: 10,036 Thread 0x00007f9e880be000 nmethod 1828 0x00007f9e7972f550 code [0x00007f9e7972f6c0, 0x00007f9e7972faa8]
Event: 10,039 Thread 0x00007f9e880be000 1829   !   2       com.android.dx.command.dexer.Main::processClass (334 bytes)

GC Heap History (10 events):
Event: 4,657 GC heap after
Heap after GC invocations=2 (full 0):
 PSYoungGen      total 17920K, used 2554K [0x00000000eab00000, 0x00000000ece00000, 0x0000000100000000)
  eden space 15360K, 0% used [0x00000000eab00000,0x00000000eab00000,0x00000000eba00000)
  from space 2560K, 99% used [0x00000000ebc80000,0x00000000ebefeaa8,0x00000000ebf00000)
  to   space 2560K, 0% used [0x00000000eba00000,0x00000000eba00000,0x00000000ebc80000)
 ParOldGen       total 40960K, used 4035K [0x00000000c0000000, 0x00000000c2800000, 0x00000000eab00000)
  object space 40960K, 9% used [0x00000000c0000000,0x00000000c03f0cf8,0x00000000c2800000)
 Metaspace       used 5631K, capacity 6896K, committed 7040K, reserved 1056768K
  class space    used 546K, capacity 616K, committed 640K, reserved 1048576K
}
Event: 5,504 GC heap before
{Heap before GC invocations=3 (full 0):
 PSYoungGen      total 17920K, used 17914K [0x00000000eab00000, 0x00000000ece00000, 0x0000000100000000)
  eden space 15360K, 100% used [0x00000000eab00000,0x00000000eba00000,0x00000000eba00000)
  from space 2560K, 99% used [0x00000000ebc80000,0x00000000ebefeaa8,0x00000000ebf00000)
  to   space 2560K, 0% used [0x00000000eba00000,0x00000000eba00000,0x00000000ebc80000)
 ParOldGen       total 40960K, used 4035K [0x00000000c0000000, 0x00000000c2800000, 0x00000000eab00000)
  object space 40960K, 9% used [0x00000000c0000000,0x00000000c03f0cf8,0x00000000c2800000)
 Metaspace       used 5725K, capacity 6960K, committed 7040K, reserved 1056768K
  class space    used 546K, capacity 616K, committed 640K, reserved 1048576K
Event: 5,538 GC heap after
Heap after GC invocations=3 (full 0):
 PSYoungGen      total 17920K, used 2554K [0x00000000eab00000, 0x00000000ece00000, 0x0000000100000000)
  eden space 15360K, 0% used [0x00000000eab00000,0x00000000eab00000,0x00000000eba00000)
  from space 2560K, 99% used [0x00000000eba00000,0x00000000ebc7e9a0,0x00000000ebc80000)
  to   space 2560K, 0% used [0x00000000ecb80000,0x00000000ecb80000,0x00000000ece00000)
 ParOldGen       total 40960K, used 6256K [0x00000000c0000000, 0x00000000c2800000, 0x00000000eab00000)
  object space 40960K, 15% used [0x00000000c0000000,0x00000000c061c2d0,0x00000000c2800000)
 Metaspace       used 5725K, capacity 6960K, committed 7040K, reserved 1056768K
  class space    used 546K, capacity 616K, committed 640K, reserved 1048576K
}
Event: 6,109 GC heap before
{Heap before GC invocations=4 (full 0):
 PSYoungGen      total 17920K, used 17914K [0x00000000eab00000, 0x00000000ece00000, 0x0000000100000000)
  eden space 15360K, 100% used [0x00000000eab00000,0x00000000eba00000,0x00000000eba00000)
  from space 2560K, 99% used [0x00000000eba00000,0x00000000ebc7e9a0,0x00000000ebc80000)
  to   space 2560K, 0% used [0x00000000ecb80000,0x00000000ecb80000,0x00000000ece00000)
 ParOldGen       total 40960K, used 6256K [0x00000000c0000000, 0x00000000c2800000, 0x00000000eab00000)
  object space 40960K, 15% used [0x00000000c0000000,0x00000000c061c2d0,0x00000000c2800000)
 Metaspace       used 5776K, capacity 7024K, committed 7296K, reserved 1056768K
  class space    used 546K, capacity 616K, committed 640K, reserved 1048576K
Event: 6,141 GC heap after
Heap after GC invocations=4 (full 0):
 PSYoungGen      total 33280K, used 2547K [0x00000000eab00000, 0x00000000ece00000, 0x0000000100000000)
  eden space 30720K, 0% used [0x00000000eab00000,0x00000000eab00000,0x00000000ec900000)
  from space 2560K, 99% used [0x00000000ecb80000,0x00000000ecdfcd70,0x00000000ece00000)
  to   space 2560K, 0% used [0x00000000ec900000,0x00000000ec900000,0x00000000ecb80000)
 ParOldGen       total 40960K, used 8686K [0x00000000c0000000, 0x00000000c2800000, 0x00000000eab00000)
  object space 40960K, 21% used [0x00000000c0000000,0x00000000c087bba8,0x00000000c2800000)
 Metaspace       used 5776K, capacity 7024K, committed 7296K, reserved 1056768K
  class space    used 546K, capacity 616K, committed 640K, reserved 1048576K
}
Event: 7,027 GC heap before
{Heap before GC invocations=5 (full 0):
 PSYoungGen      total 33280K, used 33267K [0x00000000eab00000, 0x00000000ece00000, 0x0000000100000000)
  eden space 30720K, 100% used [0x00000000eab00000,0x00000000ec900000,0x00000000ec900000)
  from space 2560K, 99% used [0x00000000ecb80000,0x00000000ecdfcd70,0x00000000ece00000)
  to   space 2560K, 0% used [0x00000000ec900000,0x00000000ec900000,0x00000000ecb80000)
 ParOldGen       total 40960K, used 8686K [0x00000000c0000000, 0x00000000c2800000, 0x00000000eab00000)
  object space 40960K, 21% used [0x00000000c0000000,0x00000000c087bba8,0x00000000c2800000)
 Metaspace       used 5855K, capacity 7088K, committed 7296K, reserved 1056768K
  class space    used 548K, capacity 616K, committed 640K, reserved 1048576K
Event: 7,102 GC heap after
Heap after GC invocations=5 (full 0):
 PSYoungGen      total 33280K, used 2547K [0x00000000eab00000, 0x00000000ef500000, 0x0000000100000000)
  eden space 30720K, 0% used [0x00000000eab00000,0x00000000eab00000,0x00000000ec900000)
  from space 2560K, 99% used [0x00000000ec900000,0x00000000ecb7cd50,0x00000000ecb80000)
  to   space 7168K, 0% used [0x00000000eee00000,0x00000000eee00000,0x00000000ef500000)
 ParOldGen       total 40960K, used 13445K [0x00000000c0000000, 0x00000000c2800000, 0x00000000eab00000)
  object space 40960K, 32% used [0x00000000c0000000,0x00000000c0d21548,0x00000000c2800000)
 Metaspace       used 5855K, capacity 7088K, committed 7296K, reserved 1056768K
  class space    used 548K, capacity 616K, committed 640K, reserved 1048576K
}
Event: 7,778 GC heap before
{Heap before GC invocations=6 (full 0):
 PSYoungGen      total 33280K, used 33267K [0x00000000eab00000, 0x00000000ef500000, 0x0000000100000000)
  eden space 30720K, 100% used [0x00000000eab00000,0x00000000ec900000,0x00000000ec900000)
  from space 2560K, 99% used [0x00000000ec900000,0x00000000ecb7cd50,0x00000000ecb80000)
  to   space 7168K, 0% used [0x00000000eee00000,0x00000000eee00000,0x00000000ef500000)
 ParOldGen       total 40960K, used 13445K [0x00000000c0000000, 0x00000000c2800000, 0x00000000eab00000)
  object space 40960K, 32% used [0x00000000c0000000,0x00000000c0d21548,0x00000000c2800000)
 Metaspace       used 5982K, capacity 7088K, committed 7296K, reserved 1056768K
  class space    used 571K, capacity 616K, committed 640K, reserved 1048576K
Event: 7,821 GC heap after
Heap after GC invocations=6 (full 0):
 PSYoungGen      total 67584K, used 7152K [0x00000000eab00000, 0x00000000ef700000, 0x0000000100000000)
  eden space 60416K, 0% used [0x00000000eab00000,0x00000000eab00000,0x00000000ee600000)
  from space 7168K, 99% used [0x00000000eee00000,0x00000000ef4fc1e0,0x00000000ef500000)
  to   space 8192K, 0% used [0x00000000ee600000,0x00000000ee600000,0x00000000eee00000)
 ParOldGen       total 40960K, used 13891K [0x00000000c0000000, 0x00000000c2800000, 0x00000000eab00000)
  object space 40960K, 33% used [0x00000000c0000000,0x00000000c0d90ee0,0x00000000c2800000)
 Metaspace       used 5982K, capacity 7088K, committed 7296K, reserved 1056768K
  class space    used 571K, capacity 616K, committed 640K, reserved 1048576K
}
Event: 10,042 GC heap before
{Heap before GC invocations=7 (full 0):
 PSYoungGen      total 67584K, used 67568K [0x00000000eab00000, 0x00000000ef700000, 0x0000000100000000)
  eden space 60416K, 100% used [0x00000000eab00000,0x00000000ee600000,0x00000000ee600000)
  from space 7168K, 99% used [0x00000000eee00000,0x00000000ef4fc1e0,0x00000000ef500000)
  to   space 8192K, 0% used [0x00000000ee600000,0x00000000ee600000,0x00000000eee00000)
 ParOldGen       total 40960K, used 13891K [0x00000000c0000000, 0x00000000c2800000, 0x00000000eab00000)
  object space 40960K, 33% used [0x00000000c0000000,0x00000000c0d90ee0,0x00000000c2800000)
 Metaspace       used 6009K, capacity 7152K, committed 7296K, reserved 1056768K
  class space    used 571K, capacity 616K, committed 640K, reserved 1048576K

Deoptimization events (10 events):
Event: 6,909 Thread 0x00007f9e8800a000 Uncommon trap: reason=unstable_if action=reinterpret pc=0x00007f9e794ce644 method=java.util.HashMap.putVal(ILjava/lang/Object;Ljava/lang/Object;ZZ)Ljava/lang/Object; @ 193
Event: 6,909 Thread 0x00007f9e8800a000 Uncommon trap: reason=bimorphic action=maybe_recompile pc=0x00007f9e793c983c method=java.util.HashMap.getNode(ILjava/lang/Object;)Ljava/util/HashMap$Node; @ 126
Event: 6,909 Thread 0x00007f9e8800a000 Uncommon trap: reason=bimorphic action=maybe_recompile pc=0x00007f9e793c983c method=java.util.HashMap.getNode(ILjava/lang/Object;)Ljava/util/HashMap$Node; @ 126
Event: 7,137 Thread 0x00007f9e8800a000 Uncommon trap: reason=unstable_if action=reinterpret pc=0x00007f9e791bcd80 method=java.lang.String.replace(CC)Ljava/lang/String; @ 26
Event: 7,245 Thread 0x00007f9e8800a000 Uncommon trap: reason=bimorphic action=maybe_recompile pc=0x00007f9e793c983c method=java.util.HashMap.getNode(ILjava/lang/Object;)Ljava/util/HashMap$Node; @ 126
Event: 7,247 Thread 0x00007f9e8800a000 Uncommon trap: reason=unstable_if action=reinterpret pc=0x00007f9e7924d154 method=java.util.HashMap.getNode(ILjava/lang/Object;)Ljava/util/HashMap$Node; @ 84
Event: 7,283 Thread 0x00007f9e8800a000 Uncommon trap: reason=bimorphic action=maybe_recompile pc=0x00007f9e7963de30 method=com.android.dx.ssa.LiteralOpUpgrader.tryReplacingWithConstant(Lcom/android/dx/ssa/NormalSsaInsn;)Z @ 52
Event: 7,331 Thread 0x00007f9e8800a000 Uncommon trap: reason=bimorphic action=maybe_recompile pc=0x00007f9e7963de30 method=com.android.dx.ssa.LiteralOpUpgrader.tryReplacingWithConstant(Lcom/android/dx/ssa/NormalSsaInsn;)Z @ 52
Event: 7,451 Thread 0x00007f9e8800a000 Uncommon trap: reason=bimorphic action=maybe_recompile pc=0x00007f9e7963de30 method=com.android.dx.ssa.LiteralOpUpgrader.tryReplacingWithConstant(Lcom/android/dx/ssa/NormalSsaInsn;)Z @ 52
Event: 7,761 Thread 0x00007f9e8800a000 Uncommon trap: reason=unstable_if action=reinterpret pc=0x00007f9e792fb0f8 method=java.util.HashMap.putVal(ILjava/lang/Object;Ljava/lang/Object;ZZ)Ljava/lang/Object; @ 162

Internal exceptions (6 events):
Event: 0,344 Thread 0x00007f9e8800a000 Exception <a 'java/lang/NoSuchMethodError': Method sun.misc.Unsafe.defineClass(Ljava/lang/String;[BII)Ljava/lang/Class; name or signature does not match> (0x00000000eab129d0) thrown at [/RE-WORK/workspace/8-2-build-linux-amd64/jdk8u45/3457/hotspot/src/sha
Event: 0,344 Thread 0x00007f9e8800a000 Exception <a 'java/lang/NoSuchMethodError': Method sun.misc.Unsafe.prefetchRead(Ljava/lang/Object;J)V name or signature does not match> (0x00000000eab12c60) thrown at [/RE-WORK/workspace/8-2-build-linux-amd64/jdk8u45/3457/hotspot/src/share/vm/prims/jni.cp
Event: 5,990 Thread 0x00007f9e8800a000 Implicit null exception at 0x00007f9e7931f4a2 to 0x00007f9e7931f593
Event: 7,246 Thread 0x00007f9e8800a000 Exception <a 'java/lang/ArrayIndexOutOfBoundsException': 18> (0x00000000eb118938) thrown at [/RE-WORK/workspace/8-2-build-linux-amd64/jdk8u45/3457/hotspot/src/share/vm/interpreter/interpreterRuntime.cpp, line 366]
Event: 7,763 Thread 0x00007f9e8800a000 Exception <a 'java/lang/ArrayIndexOutOfBoundsException'> (0x00000000ec7840c0) thrown at [/RE-WORK/workspace/8-2-build-linux-amd64/jdk8u45/3457/hotspot/src/share/vm/runtime/sharedRuntime.cpp, line 605]
Event: 7,763 Thread 0x00007f9e8800a000 Exception <a 'java/lang/ArrayIndexOutOfBoundsException'> (0x00000000ec7852f8) thrown at [/RE-WORK/workspace/8-2-build-linux-amd64/jdk8u45/3457/hotspot/src/share/vm/runtime/sharedRuntime.cpp, line 605]

Events (10 events):
Event: 7,763 loading class sun/reflect/generics/reflectiveObjects/ParameterizedTypeImpl done
Event: 7,764 loading class java/lang/reflect/TypeVariable
Event: 7,764 loading class java/lang/reflect/TypeVariable done
Event: 7,764 loading class sun/reflect/generics/reflectiveObjects/TypeVariableImpl
Event: 7,764 loading class sun/reflect/generics/reflectiveObjects/LazyReflectiveObjectGenerator
Event: 7,764 loading class sun/reflect/generics/reflectiveObjects/LazyReflectiveObjectGenerator done
Event: 7,764 loading class sun/reflect/generics/reflectiveObjects/TypeVariableImpl done
Event: 7,778 Executing VM operation: ParallelGCFailedAllocation
Event: 7,821 Executing VM operation: ParallelGCFailedAllocation done
Event: 10,042 Executing VM operation: ParallelGCFailedAllocation


Dynamic libraries:
00400000-00401000 r-xp 00000000 08:02 1716277                            /usr/lib/jvm/java-8-oracle/bin/java
00600000-00601000 rw-p 00000000 08:02 1716277                            /usr/lib/jvm/java-8-oracle/bin/java
00610000-00631000 rw-p 00000000 00:00 0                                  [heap]
c0000000-c2800000 rw-p 00000000 00:00 0 
c2800000-eab00000 ---p 00000000 00:00 0 
eab00000-ef700000 rw-p 00000000 00:00 0 
f3a00000-100000000 ---p 00000000 00:00 0 
100000000-1000a0000 rw-p 00000000 00:00 0 
1000a0000-140000000 ---p 00000000 00:00 0 
7f9e3c000000-7f9e3c021000 rw-p 00000000 00:00 0 
7f9e3c021000-7f9e40000000 ---p 00000000 00:00 0 
7f9e44000000-7f9e44935000 rw-p 00000000 00:00 0 
7f9e44935000-7f9e48000000 ---p 00000000 00:00 0 
7f9e48000000-7f9e48021000 rw-p 00000000 00:00 0 
7f9e48021000-7f9e4c000000 ---p 00000000 00:00 0 
7f9e4c000000-7f9e4cf38000 rw-p 00000000 00:00 0 
7f9e4cf38000-7f9e50000000 ---p 00000000 00:00 0 
7f9e50000000-7f9e50bd8000 rw-p 00000000 00:00 0 
7f9e50bd8000-7f9e54000000 ---p 00000000 00:00 0 
7f9e54000000-7f9e54021000 rw-p 00000000 00:00 0 
7f9e54021000-7f9e58000000 ---p 00000000 00:00 0 
7f9e58000000-7f9e58021000 rw-p 00000000 00:00 0 
7f9e58021000-7f9e5c000000 ---p 00000000 00:00 0 
7f9e5c000000-7f9e5c28a000 rw-p 00000000 00:00 0 
7f9e5c28a000-7f9e60000000 ---p 00000000 00:00 0 
7f9e60000000-7f9e60021000 rw-p 00000000 00:00 0 
7f9e60021000-7f9e64000000 ---p 00000000 00:00 0 
7f9e64000000-7f9e64021000 rw-p 00000000 00:00 0 
7f9e64021000-7f9e68000000 ---p 00000000 00:00 0 
7f9e68000000-7f9e68021000 rw-p 00000000 00:00 0 
7f9e68021000-7f9e6c000000 ---p 00000000 00:00 0 
7f9e6c000000-7f9e6c021000 rw-p 00000000 00:00 0 
7f9e6c021000-7f9e70000000 ---p 00000000 00:00 0 
7f9e72000000-7f9e74000000 rw-p 00000000 00:00 0 
7f9e74000000-7f9e74021000 rw-p 00000000 00:00 0 
7f9e74021000-7f9e78000000 ---p 00000000 00:00 0 
7f9e78216000-7f9e78217000 ---p 00000000 00:00 0 
7f9e78217000-7f9e78317000 rw-p 00000000 00:00 0                          [stack:9870]
7f9e78317000-7f9e7831a000 ---p 00000000 00:00 0 
7f9e7831a000-7f9e78418000 rw-p 00000000 00:00 0                          [stack:9867]
7f9e78418000-7f9e7841b000 ---p 00000000 00:00 0 
7f9e7841b000-7f9e78519000 rw-p 00000000 00:00 0                          [stack:9856]
7f9e78519000-7f9e7851c000 ---p 00000000 00:00 0 
7f9e7851c000-7f9e7861a000 rw-p 00000000 00:00 0                          [stack:9855]
7f9e7861a000-7f9e7861d000 ---p 00000000 00:00 0 
7f9e7861d000-7f9e7871b000 rw-p 00000000 00:00 0                          [stack:9851]
7f9e7871b000-7f9e7871e000 ---p 00000000 00:00 0 
7f9e7871e000-7f9e7881c000 rw-p 00000000 00:00 0                          [stack:9848]
7f9e7881c000-7f9e78eff000 r--p 00000000 08:02 1055939                    /usr/lib/locale/locale-archive
7f9e78eff000-7f9e78f02000 ---p 00000000 00:00 0 
7f9e78f02000-7f9e79000000 rw-p 00000000 00:00 0                          [stack:9847]
7f9e79000000-7f9e79770000 rwxp 00000000 00:00 0 
7f9e79770000-7f9e88000000 ---p 00000000 00:00 0 
7f9e88000000-7f9e88399000 rw-p 00000000 00:00 0 
7f9e88399000-7f9e8c000000 ---p 00000000 00:00 0 
7f9e8c026000-7f9e8c038000 r--s 000c6000 00:23 14812774                   /home/luciano/AndroidStudioProjects/Views/app/build/intermediates/exploded-aar/com.android.support/support-v4/22.1.1/jars/classes.jar
7f9e8c038000-7f9e8c047000 r--s 000dd000 00:23 12452153                   /home/luciano/Android/Sdk/build-tools/22.0.1/lib/dx.jar
7f9e8c047000-7f9e8c04a000 ---p 00000000 00:00 0 
7f9e8c04a000-7f9e8c148000 rw-p 00000000 00:00 0                          [stack:9846]
7f9e8c148000-7f9e8c149000 ---p 00000000 00:00 0 
7f9e8c149000-7f9e8d1fd000 rw-p 00000000 00:00 0                          [stack:9838]
7f9e8d1fd000-7f9e8d3d6000 r--s 03d09000 08:02 1573049                    /usr/lib/jvm/java-8-oracle/jre/lib/rt.jar
7f9e8d3d6000-7f9e8dacc000 rw-p 00000000 00:00 0 
7f9e8dacc000-7f9e8dc4c000 ---p 00000000 00:00 0 
7f9e8dc4c000-7f9e8de4c000 rw-p 00000000 00:00 0 
7f9e8de4c000-7f9e8de4d000 ---p 00000000 00:00 0 
7f9e8de4d000-7f9e8df4d000 rw-p 00000000 00:00 0                          [stack:9829]
7f9e8df4d000-7f9e8df4e000 ---p 00000000 00:00 0 
7f9e8df4e000-7f9e8e04e000 rw-p 00000000 00:00 0                          [stack:9826]
7f9e8e04e000-7f9e8e04f000 ---p 00000000 00:00 0 
7f9e8e04f000-7f9e8e14f000 rw-p 00000000 00:00 0                          [stack:9824]
7f9e8e14f000-7f9e8e150000 ---p 00000000 00:00 0 
7f9e8e150000-7f9e8e264000 rw-p 00000000 00:00 0                          [stack:9820]
7f9e8e264000-7f9e8e3a6000 ---p 00000000 00:00 0 
7f9e8e3a6000-7f9e8e3ba000 rw-p 00000000 00:00 0 
7f9e8e3ba000-7f9e8e4fb000 ---p 00000000 00:00 0 
7f9e8e4fb000-7f9e8e522000 rw-p 00000000 00:00 0 
7f9e8e522000-7f9e8e5a6000 ---p 00000000 00:00 0 
7f9e8e5a6000-7f9e8e5c5000 rw-p 00000000 00:00 0 
7f9e8e5c5000-7f9e8e967000 ---p 00000000 00:00 0 
7f9e8e967000-7f9e8e981000 r-xp 00000000 08:02 1708058                    /usr/lib/jvm/java-8-oracle/jre/lib/amd64/libzip.so
7f9e8e981000-7f9e8eb81000 ---p 0001a000 08:02 1708058                    /usr/lib/jvm/java-8-oracle/jre/lib/amd64/libzip.so
7f9e8eb81000-7f9e8eb82000 rw-p 0001a000 08:02 1708058                    /usr/lib/jvm/java-8-oracle/jre/lib/amd64/libzip.so
7f9e8eb82000-7f9e8eb8d000 r-xp 00000000 08:02 1573310                    /lib/x86_64-linux-gnu/libnss_files-2.19.so
7f9e8eb8d000-7f9e8ed8c000 ---p 0000b000 08:02 1573310                    /lib/x86_64-linux-gnu/libnss_files-2.19.so
7f9e8ed8c000-7f9e8ed8d000 r--p 0000a000 08:02 1573310                    /lib/x86_64-linux-gnu/libnss_files-2.19.so
7f9e8ed8d000-7f9e8ed8e000 rw-p 0000b000 08:02 1573310                    /lib/x86_64-linux-gnu/libnss_files-2.19.so
7f9e8ed8e000-7f9e8ed99000 r-xp 00000000 08:02 1573343                    /lib/x86_64-linux-gnu/libnss_nis-2.19.so
7f9e8ed99000-7f9e8ef98000 ---p 0000b000 08:02 1573343                    /lib/x86_64-linux-gnu/libnss_nis-2.19.so
7f9e8ef98000-7f9e8ef99000 r--p 0000a000 08:02 1573343                    /lib/x86_64-linux-gnu/libnss_nis-2.19.so
7f9e8ef99000-7f9e8ef9a000 rw-p 0000b000 08:02 1573343                    /lib/x86_64-linux-gnu/libnss_nis-2.19.so
7f9e8ef9a000-7f9e8efb1000 r-xp 00000000 08:02 1573330                    /lib/x86_64-linux-gnu/libnsl-2.19.so
7f9e8efb1000-7f9e8f1b0000 ---p 00017000 08:02 1573330                    /lib/x86_64-linux-gnu/libnsl-2.19.so
7f9e8f1b0000-7f9e8f1b1000 r--p 00016000 08:02 1573330                    /lib/x86_64-linux-gnu/libnsl-2.19.so
7f9e8f1b1000-7f9e8f1b2000 rw-p 00017000 08:02 1573330                    /lib/x86_64-linux-gnu/libnsl-2.19.so
7f9e8f1b2000-7f9e8f1b4000 rw-p 00000000 00:00 0 
7f9e8f1b4000-7f9e8f1bd000 r-xp 00000000 08:02 1573329                    /lib/x86_64-linux-gnu/libnss_compat-2.19.so
7f9e8f1bd000-7f9e8f3bc000 ---p 00009000 08:02 1573329                    /lib/x86_64-linux-gnu/libnss_compat-2.19.so
7f9e8f3bc000-7f9e8f3bd000 r--p 00008000 08:02 1573329                    /lib/x86_64-linux-gnu/libnss_compat-2.19.so
7f9e8f3bd000-7f9e8f3be000 rw-p 00009000 08:02 1573329                    /lib/x86_64-linux-gnu/libnss_compat-2.19.so
7f9e8f3be000-7f9e8f3e8000 r-xp 00000000 08:02 1708092                    /usr/lib/jvm/java-8-oracle/jre/lib/amd64/libjava.so
7f9e8f3e8000-7f9e8f5e8000 ---p 0002a000 08:02 1708092                    /usr/lib/jvm/java-8-oracle/jre/lib/amd64/libjava.so
7f9e8f5e8000-7f9e8f5ea000 rw-p 0002a000 08:02 1708092                    /usr/lib/jvm/java-8-oracle/jre/lib/amd64/libjava.so
7f9e8f5ea000-7f9e8f5f7000 r-xp 00000000 08:02 1708167                    /usr/lib/jvm/java-8-oracle/jre/lib/amd64/libverify.so
7f9e8f5f7000-7f9e8f7f7000 ---p 0000d000 08:02 1708167                    /usr/lib/jvm/java-8-oracle/jre/lib/amd64/libverify.so
7f9e8f7f7000-7f9e8f7f9000 rw-p 0000d000 08:02 1708167                    /usr/lib/jvm/java-8-oracle/jre/lib/amd64/libverify.so
7f9e8f7f9000-7f9e8f800000 r-xp 00000000 08:02 1573340                    /lib/x86_64-linux-gnu/librt-2.19.so
7f9e8f800000-7f9e8f9ff000 ---p 00007000 08:02 1573340                    /lib/x86_64-linux-gnu/librt-2.19.so
7f9e8f9ff000-7f9e8fa00000 r--p 00006000 08:02 1573340                    /lib/x86_64-linux-gnu/librt-2.19.so
7f9e8fa00000-7f9e8fa01000 rw-p 00007000 08:02 1573340                    /lib/x86_64-linux-gnu/librt-2.19.so
7f9e8fa01000-7f9e8fb06000 r-xp 00000000 08:02 1573306                    /lib/x86_64-linux-gnu/libm-2.19.so
7f9e8fb06000-7f9e8fd05000 ---p 00105000 08:02 1573306                    /lib/x86_64-linux-gnu/libm-2.19.so
7f9e8fd05000-7f9e8fd06000 r--p 00104000 08:02 1573306                    /lib/x86_64-linux-gnu/libm-2.19.so
7f9e8fd06000-7f9e8fd07000 rw-p 00105000 08:02 1573306                    /lib/x86_64-linux-gnu/libm-2.19.so
7f9e8fd07000-7f9e909b5000 r-xp 00000000 08:02 1708016                    /usr/lib/jvm/java-8-oracle/jre/lib/amd64/server/libjvm.so
7f9e909b5000-7f9e90bb4000 ---p 00cae000 08:02 1708016                    /usr/lib/jvm/java-8-oracle/jre/lib/amd64/server/libjvm.so
7f9e90bb4000-7f9e90c8b000 rw-p 00cad000 08:02 1708016                    /usr/lib/jvm/java-8-oracle/jre/lib/amd64/server/libjvm.so
7f9e90c8b000-7f9e90ccf000 rw-p 00000000 00:00 0 
7f9e90ccf000-7f9e90e8a000 r-xp 00000000 08:02 1573336                    /lib/x86_64-linux-gnu/libc-2.19.so
7f9e90e8a000-7f9e91089000 ---p 001bb000 08:02 1573336                    /lib/x86_64-linux-gnu/libc-2.19.so
7f9e91089000-7f9e9108d000 r--p 001ba000 08:02 1573336                    /lib/x86_64-linux-gnu/libc-2.19.so
7f9e9108d000-7f9e9108f000 rw-p 001be000 08:02 1573336                    /lib/x86_64-linux-gnu/libc-2.19.so
7f9e9108f000-7f9e91094000 rw-p 00000000 00:00 0 
7f9e91094000-7f9e91097000 r-xp 00000000 08:02 1573316                    /lib/x86_64-linux-gnu/libdl-2.19.so
7f9e91097000-7f9e91296000 ---p 00003000 08:02 1573316                    /lib/x86_64-linux-gnu/libdl-2.19.so
7f9e91296000-7f9e91297000 r--p 00002000 08:02 1573316                    /lib/x86_64-linux-gnu/libdl-2.19.so
7f9e91297000-7f9e91298000 rw-p 00003000 08:02 1573316                    /lib/x86_64-linux-gnu/libdl-2.19.so
7f9e91298000-7f9e912ad000 r-xp 00000000 08:02 1967628                    /usr/lib/jvm/java-8-oracle/lib/amd64/jli/libjli.so
7f9e912ad000-7f9e914ad000 ---p 00015000 08:02 1967628                    /usr/lib/jvm/java-8-oracle/lib/amd64/jli/libjli.so
7f9e914ad000-7f9e914ae000 rw-p 00015000 08:02 1967628                    /usr/lib/jvm/java-8-oracle/lib/amd64/jli/libjli.so
7f9e914ae000-7f9e914c7000 r-xp 00000000 08:02 1573338                    /lib/x86_64-linux-gnu/libpthread-2.19.so
7f9e914c7000-7f9e916c6000 ---p 00019000 08:02 1573338                    /lib/x86_64-linux-gnu/libpthread-2.19.so
7f9e916c6000-7f9e916c7000 r--p 00018000 08:02 1573338                    /lib/x86_64-linux-gnu/libpthread-2.19.so
7f9e916c7000-7f9e916c8000 rw-p 00019000 08:02 1573338                    /lib/x86_64-linux-gnu/libpthread-2.19.so
7f9e916c8000-7f9e916cc000 rw-p 00000000 00:00 0 
7f9e916cc000-7f9e916ef000 r-xp 00000000 08:02 1573332                    /lib/x86_64-linux-gnu/ld-2.19.so
7f9e916f5000-7f9e917c7000 rw-p 00000000 00:00 0 
7f9e917c7000-7f9e917ca000 ---p 00000000 00:00 0 
7f9e917ca000-7f9e918cc000 rw-p 00000000 00:00 0                          [stack:9817]
7f9e918cd000-7f9e918e2000 rw-p 00000000 00:00 0 
7f9e918e2000-7f9e918ea000 rw-s 00000000 08:02 4854277                    /tmp/hsperfdata_luciano/9810
7f9e918ea000-7f9e918eb000 rw-p 00000000 00:00 0 
7f9e918eb000-7f9e918ec000 ---p 00000000 00:00 0 
7f9e918ec000-7f9e918ee000 rw-p 00000000 00:00 0 
7f9e918ee000-7f9e918ef000 r--p 00022000 08:02 1573332                    /lib/x86_64-linux-gnu/ld-2.19.so
7f9e918ef000-7f9e918f0000 rw-p 00023000 08:02 1573332                    /lib/x86_64-linux-gnu/ld-2.19.so
7f9e918f0000-7f9e918f1000 rw-p 00000000 00:00 0 
7ffcd4ed8000-7ffcd4ef9000 rw-p 00000000 00:00 0                          [stack]
7ffcd4f4a000-7ffcd4f4c000 r-xp 00000000 00:00 0                          [vdso]
ffffffffff600000-ffffffffff601000 r-xp 00000000 00:00 0                  [vsyscall]

VM Arguments:
jvm_args: -Xmx1024M -Dfile.encoding=UTF-8 -Duser.country=US -Duser.language=en -Duser.variant 
java_command: com.android.dx.command.Main --dex --output /home/luciano/AndroidStudioProjects/Views/app/build/intermediates/pre-dexed/debug/classes-cb03a35c4774b80c7c7b2d5495a68d3df38d1223.jar /home/luciano/AndroidStudioProjects/Views/app/build/intermediates/exploded-aar/com.android.support/support-v4/22.1.1/jars/classes.jar
java_class_path (initial): /home/luciano/Android/Sdk/build-tools/22.0.1/lib/dx.jar
Launcher Type: SUN_STANDARD

Environment Variables:
JAVA_HOME=/usr/local/java/jdk1.8.0_25
PATH=/usr/local/sbin:/usr/local/bin:/usr/sbin:/usr/bin:/sbin:/bin:/usr/games:/usr/local/games:/home/luciano/bin:/usr/local/java/jdk1.8.0_25/bin
SHELL=/bin/bash
DISPLAY=:0

Signal Handlers:
SIGSEGV: [libjvm.so+0xaad1e0], sa_mask[0]=11111111011111111101111111111110, sa_flags=SA_RESTART|SA_SIGINFO
SIGBUS: [libjvm.so+0xaad1e0], sa_mask[0]=11111111011111111101111111111110, sa_flags=SA_RESTART|SA_SIGINFO
SIGFPE: [libjvm.so+0x90b450], sa_mask[0]=11111111011111111101111111111110, sa_flags=SA_RESTART|SA_SIGINFO
SIGPIPE: [libjvm.so+0x90b450], sa_mask[0]=11111111011111111101111111111110, sa_flags=SA_RESTART|SA_SIGINFO
SIGXFSZ: [libjvm.so+0x90b450], sa_mask[0]=11111111011111111101111111111110, sa_flags=SA_RESTART|SA_SIGINFO
SIGILL: [libjvm.so+0x90b450], sa_mask[0]=11111111011111111101111111111110, sa_flags=SA_RESTART|SA_SIGINFO
SIGUSR1: SIG_DFL, sa_mask[0]=00000000000000000000000000000000, sa_flags=none
SIGUSR2: [libjvm.so+0x90ca90], sa_mask[0]=00100000000000000000000000000000, sa_flags=SA_RESTART|SA_SIGINFO
SIGHUP: 