#
# There is insufficient memory for the Java Runtime Environment to continue.
# Native memory allocation (mmap) failed to map 84410368 bytes for committing reserved memory.
# Possible reasons:
#   The system is out of physical RAM or swap space
#   In 32 bit mode, the process size limit was hit
# Possible solutions:
#   Reduce memory load on the system
#   Increase physical memory or swap space
#   Check if swap backing store is full
#   Use 64 bit Java on a 64 bit OS
#   Decrease Java heap size (-Xmx/-Xms)
#   Decrease number of Java threads
#   Decrease Java thread stack sizes (-Xss)
#   Set larger code cache with -XX:ReservedCodeCacheSize=
# This output file may be truncated or incomplete.
#
#  Out of Memory Error (os_linux.cpp:2673), pid=9673, tid=139900591474432
#
# JRE version: Java(TM) SE Runtime Environment (8.0_45-b14) (build 1.8.0_45-b14)
# Java VM: Java HotSpot(TM) 64-Bit Server VM (25.45-b02 mixed mode linux-amd64 compressed oops)
# Failed to write core dump. Core dumps have been disabled. To enable core dumping, try "ulimit -c unlimited" before starting Java again
#

---------------  T H R E A D  ---------------

Current thread (0x00007f3d3c078000):  VMThread [stack: 0x00007f3d24ff0000,0x00007f3d250f1000] [id=9700]

Stack: [0x00007f3d24ff0000,0x00007f3d250f1000],  sp=0x00007f3d250ef060,  free space=1020k
Native frames: (J=compiled Java code, j=interpreted, Vv=VM code, C=native code)
V  [libjvm.so+0xaac99a]  VMError::report_and_die()+0x2ba
V  [libjvm.so+0x4f333b]  report_vm_out_of_memory(char const*, int, unsigned long, VMErrorType, char const*)+0x8b
V  [libjvm.so+0x90e7c3]  os::Linux::commit_memory_impl(char*, unsigned long, bool)+0x103
V  [libjvm.so+0x90ed19]  os::pd_commit_memory(char*, unsigned long, unsigned long, bool)+0x29
V  [libjvm.so+0x90867a]  os::commit_memory(char*, unsigned long, unsigned long, bool)+0x2a
V  [libjvm.so+0x97bac3]  PSVirtualSpace::expand_by(unsigned long)+0x53
V  [libjvm.so+0x97cec8]  PSYoungGen::resize_generation(unsigned long, unsigned long)+0xf8
V  [libjvm.so+0x97c022]  PSYoungGen::resize(unsigned long, unsigned long)+0x22
V  [libjvm.so+0x9792fb]  PSScavenge::invoke_no_policy()+0xf7b
V  [libjvm.so+0x979a81]  PSScavenge::invoke()+0x41
V  [libjvm.so+0x932050]  ParallelScavengeHeap::failed_mem_allocate(unsigned long)+0x70
V  [libjvm.so+0xaae1d7]  VM_ParallelGCFailedAllocation::doit()+0x97
V  [libjvm.so+0xab59c5]  VM_Operation::evaluate()+0x55
V  [libjvm.so+0xab3d9a]  VMThread::evaluate_operation(VM_Operation*)+0xba
V  [libjvm.so+0xab411e]  VMThread::loop()+0x1ce
V  [libjvm.so+0xab4590]  VMThread::run()+0x70
V  [libjvm.so+0x910de8]  java_start(Thread*)+0x108

VM_Operation (0x00007f3d437baa70): ParallelGCFailedAllocation, mode: safepoint, requested by thread 0x00007f3d3c00a000


---------------  P R O C E S S  ---------------

Java Threads: ( => current thread )
  0x00007f3d3c0c9800 JavaThread "Service Thread" daemon [_thread_blocked, id=9726, stack(0x00007f3d24206000,0x00007f3d24307000)]
  0x00007f3d3c0bc000 JavaThread "C1 CompilerThread2" daemon [_thread_blocked, id=9723, stack(0x00007f3d24307000,0x00007f3d24408000)]
  0x00007f3d3c0ba800 JavaThread "C2 CompilerThread1" daemon [_thread_blocked, id=9721, stack(0x00007f3d24408000,0x00007f3d24509000)]
  0x00007f3d3c0b7800 JavaThread "C2 CompilerThread0" daemon [_thread_blocked, id=9718, stack(0x00007f3d24509000,0x00007f3d2460a000)]
  0x00007f3d3c0b6000 JavaThread "Signal Dispatcher" daemon [_thread_blocked, id=9710, stack(0x00007f3d2460a000,0x00007f3d2470b000)]
  0x00007f3d3c07f000 JavaThread "Finalizer" daemon [_thread_blocked, id=9707, stack(0x00007f3d24dee000,0x00007f3d24eef000)]
  0x00007f3d3c07d000 JavaThread "Reference Handler" daemon [_thread_blocked, id=9704, stack(0x00007f3d24eef000,0x00007f3d24ff0000)]
  0x00007f3d3c00a000 JavaThread "main" [_thread_blocked, id=9678, stack(0x00007f3d436bc000,0x00007f3d437bd000)]

Other Threads:
=>0x00007f3d3c078000 VMThread [stack: 0x00007f3d24ff0000,0x00007f3d250f1000] [id=9700]
  0x00007f3d3c0cc000 WatcherThread [stack: 0x00007f3d24105000,0x00007f3d24206000] [id=9729]

VM state:at safepoint (normal execution)

VM Mutex/Monitor currently owned by a thread:  ([mutex/lock_event])
[0x00007f3d3c006370] Threads_lock - owner thread: 0x00007f3d3c078000
[0x00007f3d3c006870] Heap_lock - owner thread: 0x00007f3d3c00a000

Heap:
 PSYoungGen      total 133632K, used 16877K [0x00000000eab00000, 0x00000000f4200000, 0x0000000100000000)
  eden space 116736K, 0% used [0x00000000eab00000,0x00000000eab00000,0x00000000f1d00000)
  from space 16896K, 99% used [0x00000000f1d00000,0x00000000f2d7b640,0x00000000f2d80000)
  to   space 12800K, 0% used [0x00000000f2d80000,0x00000000f2d80000,0x00000000f3a00000)
 ParOldGen       total 40960K, used 39579K [0x00000000c0000000, 0x00000000c2800000, 0x00000000eab00000)
  object space 40960K, 96% used [0x00000000c0000000,0x00000000c26a6c38,0x00000000c2800000)
 Metaspace       used 6062K, capacity 7152K, committed 7296K, reserved 1056768K
  class space    used 571K, capacity 616K, committed 640K, reserved 1048576K

Card table byte_map: [0x00007f3d4029b000,0x00007f3d4049c000] byte_map_base: 0x00007f3d3fc9b000

Marking Bits: (ParMarkBitMap*) 0x00007f3d42b99760
 Begin Bits: [0x00007f3d26000000, 0x00007f3d27000000)
 End Bits:   [0x00007f3d27000000, 0x00007f3d28000000)

Polling page: 0x00007f3d437e0000

CodeCache: size=245760Kb used=8420Kb max_used=8431Kb free=237339Kb
 bounds [0x00007f3d2d000000, 0x00007f3d2d850000, 0x00007f3d3c000000]
 total_blobs=2148 nmethods=1883 adapters=178
 compilation: enabled

Compilation events (10 events):
Event: 9,608 Thread 0x00007f3d3c0b7800 nmethod 1828 0x00007f3d2d823b90 code [0x00007f3d2d823ce0, 0x00007f3d2d823d98]
Event: 9,608 Thread 0x00007f3d3c0b7800 1638       4       com.android.dx.rop.code.ThrowingCstInsn::accept (8 bytes)
Event: 9,608 Thread 0x00007f3d3c0b7800 nmethod 1638 0x00007f3d2d764b90 code [0x00007f3d2d764ce0, 0x00007f3d2d764d58]
Event: 9,608 Thread 0x00007f3d3c0b7800 1572       4       com.android.dx.cf.code.BasicBlocker::addWorkIfNecessary (32 bytes)
Event: 9,610 Thread 0x00007f3d3c0b7800 nmethod 1572 0x00007f3d2d839690 code [0x00007f3d2d8397e0, 0x00007f3d2d839938]
Event: 9,610 Thread 0x00007f3d3c0b7800 1691       4       com.android.dx.rop.code.ThrowingCstInsn::withNewRegisters (25 bytes)
Event: 9,613 Thread 0x00007f3d3c0b7800 nmethod 1691 0x00007f3d2d81b350 code [0x00007f3d2d81b4c0, 0x00007f3d2d81b718]
Event: 9,613 Thread 0x00007f3d3c0b7800 1567       4       com.android.dx.ssa.NormalSsaInsn::toRopInsn (19 bytes)
Event: 9,614 Thread 0x00007f3d3c0b7800 nmethod 1567 0x00007f3d2d7f9c50 code [0x00007f3d2d7f9da0, 0x00007f3d2d7f9e38]
Event: 9,614 Thread 0x00007f3d3c0b7800 1736       4       com.android.dx.ssa.SsaRenamer$BlockRenamer$RenamingMapper::map (28 bytes)

GC Heap History (10 events):
Event: 4,379 GC heap after
Heap after GC invocations=4 (full 0):
 PSYoungGen      total 33280K, used 2560K [0x00000000eab00000, 0x00000000ece00000, 0x0000000100000000)
  eden space 30720K, 0% used [0x00000000eab00000,0x00000000eab00000,0x00000000ec900000)
  from space 2560K, 100% used [0x00000000ecb80000,0x00000000ece00000,0x00000000ece00000)
  to   space 2560K, 0% used [0x00000000ec900000,0x00000000ec900000,0x00000000ecb80000)
 ParOldGen       total 40960K, used 8588K [0x00000000c0000000, 0x00000000c2800000, 0x00000000eab00000)
  object space 40960K, 20% used [0x00000000c0000000,0x00000000c0863120,0x00000000c2800000)
 Metaspace       used 5791K, capacity 7024K, committed 7296K, reserved 1056768K
  class space    used 545K, capacity 616K, committed 640K, reserved 1048576K
}
Event: 5,161 GC heap before
{Heap before GC invocations=5 (full 0):
 PSYoungGen      total 33280K, used 33280K [0x00000000eab00000, 0x00000000ece00000, 0x0000000100000000)
  eden space 30720K, 100% used [0x00000000eab00000,0x00000000ec900000,0x00000000ec900000)
  from space 2560K, 100% used [0x00000000ecb80000,0x00000000ece00000,0x00000000ece00000)
  to   space 2560K, 0% used [0x00000000ec900000,0x00000000ec900000,0x00000000ecb80000)
 ParOldGen       total 40960K, used 8588K [0x00000000c0000000, 0x00000000c2800000, 0x00000000eab00000)
  object space 40960K, 20% used [0x00000000c0000000,0x00000000c0863120,0x00000000c2800000)
 Metaspace       used 5861K, capacity 7088K, committed 7296K, reserved 1056768K
  class space    used 548K, capacity 616K, committed 640K, reserved 1048576K
Event: 5,189 GC heap after
Heap after GC invocations=5 (full 0):
 PSYoungGen      total 33280K, used 2560K [0x00000000eab00000, 0x00000000ef500000, 0x0000000100000000)
  eden space 30720K, 0% used [0x00000000eab00000,0x00000000eab00000,0x00000000ec900000)
  from space 2560K, 100% used [0x00000000ec900000,0x00000000ecb80000,0x00000000ecb80000)
  to   space 7168K, 0% used [0x00000000eee00000,0x00000000eee00000,0x00000000ef500000)
 ParOldGen       total 40960K, used 13275K [0x00000000c0000000, 0x00000000c2800000, 0x00000000eab00000)
  object space 40960K, 32% used [0x00000000c0000000,0x00000000c0cf6d18,0x00000000c2800000)
 Metaspace       used 5861K, capacity 7088K, committed 7296K, reserved 1056768K
  class space    used 548K, capacity 616K, committed 640K, reserved 1048576K
}
Event: 6,044 GC heap before
{Heap before GC invocations=6 (full 0):
 PSYoungGen      total 33280K, used 33280K [0x00000000eab00000, 0x00000000ef500000, 0x0000000100000000)
  eden space 30720K, 100% used [0x00000000eab00000,0x00000000ec900000,0x00000000ec900000)
  from space 2560K, 100% used [0x00000000ec900000,0x00000000ecb80000,0x00000000ecb80000)
  to   space 7168K, 0% used [0x00000000eee00000,0x00000000eee00000,0x00000000ef500000)
 ParOldGen       total 40960K, used 13275K [0x00000000c0000000, 0x00000000c2800000, 0x00000000eab00000)
  object space 40960K, 32% used [0x00000000c0000000,0x00000000c0cf6d18,0x00000000c2800000)
 Metaspace       used 5992K, capacity 7088K, committed 7296K, reserved 1056768K
  class space    used 571K, capacity 616K, committed 640K, reserved 1048576K
Event: 6,074 GC heap after
Heap after GC invocations=6 (full 0):
 PSYoungGen      total 67584K, used 7152K [0x00000000eab00000, 0x00000000ef700000, 0x0000000100000000)
  eden space 60416K, 0% used [0x00000000eab00000,0x00000000eab00000,0x00000000ee600000)
  from space 7168K, 99% used [0x00000000eee00000,0x00000000ef4fc1c8,0x00000000ef500000)
  to   space 8192K, 0% used [0x00000000ee600000,0x00000000ee600000,0x00000000eee00000)
 ParOldGen       total 40960K, used 13738K [0x00000000c0000000, 0x00000000c2800000, 0x00000000eab00000)
  object space 40960K, 33% used [0x00000000c0000000,0x00000000c0d6aa38,0x00000000c2800000)
 Metaspace       used 5992K, capacity 7088K, committed 7296K, reserved 1056768K
  class space    used 571K, capacity 616K, committed 640K, reserved 1048576K
}
Event: 7,128 GC heap before
{Heap before GC invocations=7 (full 0):
 PSYoungGen      total 67584K, used 67568K [0x00000000eab00000, 0x00000000ef700000, 0x0000000100000000)
  eden space 60416K, 100% used [0x00000000eab00000,0x00000000ee600000,0x00000000ee600000)
  from space 7168K, 99% used [0x00000000eee00000,0x00000000ef4fc1c8,0x00000000ef500000)
  to   space 8192K, 0% used [0x00000000ee600000,0x00000000ee600000,0x00000000eee00000)
 ParOldGen       total 40960K, used 13738K [0x00000000c0000000, 0x00000000c2800000, 0x00000000eab00000)
  object space 40960K, 33% used [0x00000000c0000000,0x00000000c0d6aa38,0x00000000c2800000)
 Metaspace       used 6014K, capacity 7152K, committed 7296K, reserved 1056768K
  class space    used 571K, capacity 616K, committed 640K, reserved 1048576K
Event: 7,211 GC heap after
Heap after GC invocations=7 (full 0):
 PSYoungGen      total 68608K, used 8173K [0x00000000eab00000, 0x00000000f3a00000, 0x0000000100000000)
  eden space 60416K, 0% used [0x00000000eab00000,0x00000000eab00000,0x00000000ee600000)
  from space 8192K, 99% used [0x00000000ee600000,0x00000000eedfb730,0x00000000eee00000)
  to   space 12800K, 0% used [0x00000000f2d80000,0x00000000f2d80000,0x00000000f3a00000)
 ParOldGen       total 40960K, used 20672K [0x00000000c0000000, 0x00000000c2800000, 0x00000000eab00000)
  object space 40960K, 50% used [0x00000000c0000000,0x00000000c1430150,0x00000000c2800000)
 Metaspace       used 6014K, capacity 7152K, committed 7296K, reserved 1056768K
  class space    used 571K, capacity 616K, committed 640K, reserved 1048576K
}
Event: 7,942 GC heap before
{Heap before GC invocations=8 (full 0):
 PSYoungGen      total 68608K, used 68589K [0x00000000eab00000, 0x00000000f3a00000, 0x0000000100000000)
  eden space 60416K, 100% used [0x00000000eab00000,0x00000000ee600000,0x00000000ee600000)
  from space 8192K, 99% used [0x00000000ee600000,0x00000000eedfb730,0x00000000eee00000)
  to   space 12800K, 0% used [0x00000000f2d80000,0x00000000f2d80000,0x00000000f3a00000)
 ParOldGen       total 40960K, used 20672K [0x00000000c0000000, 0x00000000c2800000, 0x00000000eab00000)
  object space 40960K, 50% used [0x00000000c0000000,0x00000000c1430150,0x00000000c2800000)
 Metaspace       used 6049K, capacity 7152K, committed 7296K, reserved 1056768K
  class space    used 571K, capacity 616K, committed 640K, reserved 1048576K
Event: 7,988 GC heap after
Heap after GC invocations=8 (full 0):
 PSYoungGen      total 129536K, used 12776K [0x00000000eab00000, 0x00000000f4200000, 0x0000000100000000)
  eden space 116736K, 0% used [0x00000000eab00000,0x00000000eab00000,0x00000000f1d00000)
  from space 12800K, 99% used [0x00000000f2d80000,0x00000000f39fa0a8,0x00000000f3a00000)
  to   space 16896K, 0% used [0x00000000f1d00000,0x00000000f1d00000,0x00000000f2d80000)
 ParOldGen       total 40960K, used 25469K [0x00000000c0000000, 0x00000000c2800000, 0x00000000eab00000)
  object space 40960K, 62% used [0x00000000c0000000,0x00000000c18df438,0x00000000c2800000)
 Metaspace       used 6049K, capacity 7152K, committed 7296K, reserved 1056768K
  class space    used 571K, capacity 616K, committed 640K, reserved 1048576K
}
Event: 9,614 GC heap before
{Heap before GC invocations=9 (full 0):
 PSYoungGen      total 129536K, used 129512K [0x00000000eab00000, 0x00000000f4200000, 0x0000000100000000)
  eden space 116736K, 100% used [0x00000000eab00000,0x00000000f1d00000,0x00000000f1d00000)
  from space 12800K, 99% used [0x00000000f2d80000,0x00000000f39fa0a8,0x00000000f3a00000)
  to   space 16896K, 0% used [0x00000000f1d00000,0x00000000f1d00000,0x00000000f2d80000)
 ParOldGen       total 40960K, used 25469K [0x00000000c0000000, 0x00000000c2800000, 0x00000000eab00000)
  object space 40960K, 62% used [0x00000000c0000000,0x00000000c18df438,0x00000000c2800000)
 Metaspace       used 6062K, capacity 7152K, committed 7296K, reserved 1056768K
  class space    used 571K, capacity 616K, committed 640K, reserved 1048576K

Deoptimization events (10 events):
Event: 6,110 Thread 0x00007f3d3c00a000 Uncommon trap: reason=unstable_if action=reinterpret pc=0x00007f3d2d3c87ac method=java.util.HashMap.getNode(ILjava/lang/Object;)Ljava/util/HashMap$Node; @ 84
Event: 7,673 Thread 0x00007f3d3c00a000 Uncommon trap: reason=unstable_if action=reinterpret pc=0x00007f3d2d7151e4 method=java.util.HashMap.resize()[Ljava/util/HashMap$Node; @ 206
Event: 8,913 Thread 0x00007f3d3c00a000 Uncommon trap: reason=unstable_if action=reinterpret pc=0x00007f3d2d564908 method=com.android.dx.ssa.MoveParamCombiner$1.visitNonMoveInsn(Lcom/android/dx/ssa/NormalSsaInsn;)V @ 27
Event: 9,032 Thread 0x00007f3d3c00a000 Uncommon trap: reason=class_check action=maybe_recompile pc=0x00007f3d2d79c5e0 method=com.android.dx.cf.code.OneLocalsArray.set(ILcom/android/dx/rop/type/TypeBearer;)V @ 85
Event: 9,032 Thread 0x00007f3d3c00a000 Uncommon trap: reason=class_check action=maybe_recompile pc=0x00007f3d2d79c5e0 method=com.android.dx.cf.code.OneLocalsArray.set(ILcom/android/dx/rop/type/TypeBearer;)V @ 85
Event: 9,035 Thread 0x00007f3d3c00a000 Uncommon trap: reason=class_check action=maybe_recompile pc=0x00007f3d2d79c5e0 method=com.android.dx.cf.code.OneLocalsArray.set(ILcom/android/dx/rop/type/TypeBearer;)V @ 85
Event: 9,035 Thread 0x00007f3d3c00a000 Uncommon trap: reason=class_check action=maybe_recompile pc=0x00007f3d2d79c5e0 method=com.android.dx.cf.code.OneLocalsArray.set(ILcom/android/dx/rop/type/TypeBearer;)V @ 85
Event: 9,069 Thread 0x00007f3d3c00a000 Uncommon trap: reason=bimorphic action=maybe_recompile pc=0x00007f3d2d6fb788 method=com.android.dx.ssa.LiteralOpUpgrader.tryReplacingWithConstant(Lcom/android/dx/ssa/NormalSsaInsn;)Z @ 62
Event: 9,069 Thread 0x00007f3d3c00a000 Uncommon trap: reason=unstable_if action=reinterpret pc=0x00007f3d2d71e980 method=com.android.dx.ssa.LiteralOpUpgrader$1.visitNonMoveInsn(Lcom/android/dx/ssa/NormalSsaInsn;)V @ 24
Event: 9,078 Thread 0x00007f3d3c00a000 Uncommon trap: reason=bimorphic action=maybe_recompile pc=0x00007f3d2d6fb788 method=com.android.dx.ssa.LiteralOpUpgrader.tryReplacingWithConstant(Lcom/android/dx/ssa/NormalSsaInsn;)Z @ 62

Internal exceptions (7 events):
Event: 0,322 Thread 0x00007f3d3c00a000 Exception <a 'java/lang/NoSuchMethodError': Method sun.misc.Unsafe.defineClass(Ljava/lang/String;[BII)Ljava/lang/Class; name or signature does not match> (0x00000000eab12a38) thrown at [/RE-WORK/workspace/8-2-build-linux-amd64/jdk8u45/3457/hotspot/src/sha
Event: 0,322 Thread 0x00007f3d3c00a000 Exception <a 'java/lang/NoSuchMethodError': Method sun.misc.Unsafe.prefetchRead(Ljava/lang/Object;J)V name or signature does not match> (0x00000000eab12cc8) thrown at [/RE-WORK/workspace/8-2-build-linux-amd64/jdk8u45/3457/hotspot/src/share/vm/prims/jni.cp
Event: 4,254 Thread 0x00007f3d3c00a000 Implicit null exception at 0x00007f3d2d58e04f to 0x00007f3d2d58f5a5
Event: 4,324 Thread 0x00007f3d3c00a000 Implicit null exception at 0x00007f3d2d3ba9a2 to 0x00007f3d2d3baa93
Event: 5,363 Thread 0x00007f3d3c00a000 Exception <a 'java/lang/ArrayIndexOutOfBoundsException': 18> (0x00000000eb168450) thrown at [/RE-WORK/workspace/8-2-build-linux-amd64/jdk8u45/3457/hotspot/src/share/vm/interpreter/interpreterRuntime.cpp, line 366]
Event: 6,021 Thread 0x00007f3d3c00a000 Exception <a 'java/lang/ArrayIndexOutOfBoundsException'> (0x00000000ec838098) thrown at [/RE-WORK/workspace/8-2-build-linux-amd64/jdk8u45/3457/hotspot/src/share/vm/runtime/sharedRuntime.cpp, line 605]
Event: 6,022 Thread 0x00007f3d3c00a000 Exception <a 'java/lang/ArrayIndexOutOfBoundsException'> (0x00000000ec8392d0) thrown at [/RE-WORK/workspace/8-2-build-linux-amd64/jdk8u45/3457/hotspot/src/share/vm/runtime/sharedRuntime.cpp, line 605]

Events (10 events):
Event: 9,069 Thread 0x00007f3d3c00a000 DEOPT PACKING pc=0x00007f3d2d71e980 sp=0x00007f3d437bab10
Event: 9,069 Thread 0x00007f3d3c00a000 DEOPT UNPACKING pc=0x00007f3d2d005229 sp=0x00007f3d437baae0 mode 2
Event: 9,075 Thread 0x00007f3d3c00a000 DEOPT PACKING pc=0x00007f3d2d6c1e2f sp=0x00007f3d437ba990
Event: 9,075 Thread 0x00007f3d3c00a000 DEOPT UNPACKING pc=0x00007f3d2d047633 sp=0x00007f3d437ba730 mode 0
Event: 9,078 Thread 0x00007f3d3c00a000 Uncommon trap: trap_request=0xffffffc6 fr.pc=0x00007f3d2d6fb788
Event: 9,078 Thread 0x00007f3d3c00a000 DEOPT PACKING pc=0x00007f3d2d6fb788 sp=0x00007f3d437ba8e0
Event: 9,078 Thread 0x00007f3d3c00a000 DEOPT UNPACKING pc=0x00007f3d2d005229 sp=0x00007f3d437ba8a0 mode 2
Event: 9,566 Thread 0x00007f3d3c00a000 DEOPT PACKING pc=0x00007f3d2d6667df sp=0x00007f3d437bb270
Event: 9,566 Thread 0x00007f3d3c00a000 DEOPT UNPACKING pc=0x00007f3d2d047633 sp=0x00007f3d437baf58 mode 0
Event: 9,614 Executing VM operation: ParallelGCFailedAllocation


Dynamic libraries:
00400000-00401000 r-xp 00000000 08:02 1716277                            /usr/lib/jvm/java-8-oracle/bin/java
00600000-00601000 rw-p 00000000 08:02 1716277                            /usr/lib/jvm/java-8-oracle/bin/java
01dde000-01dff000 rw-p 00000000 00:00 0                                  [heap]
c0000000-c2800000 rw-p 00000000 00:00 0 
c2800000-eab00000 ---p 00000000 00:00 0 
eab00000-f4200000 rw-p 00000000 00:00 0 
f9280000-100000000 ---p 00000000 00:00 0 
100000000-1000a0000 rw-p 00000000 00:00 0 
1000a0000-140000000 ---p 00000000 00:00 0 
7f3cec000000-7f3cec021000 rw-p 00000000 00:00 0 
7f3cec021000-7f3cf0000000 ---p 00000000 00:00 0 
7f3cf4000000-7f3cf4aec000 rw-p 00000000 00:00 0 
7f3cf4aec000-7f3cf8000000 ---p 00000000 00:00 0 
7f3cf8000000-7f3cf8021000 rw-p 00000000 00:00 0 
7f3cf8021000-7f3cfc000000 ---p 00000000 00:00 0 
7f3cfc000000-7f3cfcf46000 rw-p 00000000 00:00 0 
7f3cfcf46000-7f3d00000000 ---p 00000000 00:00 0 
7f3d00000000-7f3d0110d000 rw-p 00000000 00:00 0 
7f3d0110d000-7f3d04000000 ---p 00000000 00:00 0 
7f3d04000000-7f3d04021000 rw-p 00000000 00:00 0 
7f3d04021000-7f3d08000000 ---p 00000000 00:00 0 
7f3d08000000-7f3d08021000 rw-p 00000000 00:00 0 
7f3d08021000-7f3d0c000000 ---p 00000000 00:00 0 
7f3d0c000000-7f3d0c28a000 rw-p 00000000 00:00 0 
7f3d0c28a000-7f3d10000000 ---p 00000000 00:00 0 
7f3d10000000-7f3d10021000 rw-p 00000000 00:00 0 
7f3d10021000-7f3d14000000 ---p 00000000 00:00 0 
7f3d14000000-7f3d14021000 rw-p 00000000 00:00 0 
7f3d14021000-7f3d18000000 ---p 00000000 00:00 0 
7f3d18000000-7f3d18021000 rw-p 00000000 00:00 0 
7f3d18021000-7f3d1c000000 ---p 00000000 00:00 0 
7f3d20000000-7f3d20021000 rw-p 00000000 00:00 0 
7f3d20021000-7f3d24000000 ---p 00000000 00:00 0 
7f3d24105000-7f3d24106000 ---p 00000000 00:00 0 
7f3d24106000-7f3d24206000 rw-p 00000000 00:00 0                          [stack:9729]
7f3d24206000-7f3d24209000 ---p 00000000 00:00 0 
7f3d24209000-7f3d24307000 rw-p 00000000 00:00 0                          [stack:9726]
7f3d24307000-7f3d2430a000 ---p 00000000 00:00 0 
7f3d2430a000-7f3d24408000 rw-p 00000000 00:00 0                          [stack:9723]
7f3d24408000-7f3d2440b000 ---p 00000000 00:00 0 
7f3d2440b000-7f3d24509000 rw-p 00000000 00:00 0                          [stack:9721]
7f3d24509000-7f3d2450c000 ---p 00000000 00:00 0 
7f3d2450c000-7f3d2460a000 rw-p 00000000 00:00 0                          [stack:9718]
7f3d2460a000-7f3d2460d000 ---p 00000000 00:00 0 
7f3d2460d000-7f3d2470b000 rw-p 00000000 00:00 0                          [stack:9710]
7f3d2470b000-7f3d24dee000 r--p 00000000 08:02 1055939                    /usr/lib/locale/locale-archive
7f3d24dee000-7f3d24df1000 ---p 00000000 00:00 0 
7f3d24df1000-7f3d24eef000 rw-p 00000000 00:00 0                          [stack:9707]
7f3d24eef000-7f3d24ef2000 ---p 00000000 00:00 0 
7f3d24ef2000-7f3d24ff0000 rw-p 00000000 00:00 0                          [stack:9704]
7f3d24ff0000-7f3d24ff1000 ---p 00000000 00:00 0 
7f3d24ff1000-7f3d28000000 rw-p 00000000 00:00 0                          [stack:9700]
7f3d28000000-7f3d28021000 rw-p 00000000 00:00 0 
7f3d28021000-7f3d2c000000 ---p 00000000 00:00 0 
7f3d2c02a000-7f3d2c03c000 r--s 000c6000 00:23 14812774                   /home/luciano/AndroidStudioProjects/Views/app/build/intermediates/exploded-aar/com.android.support/support-v4/22.1.1/jars/classes.jar
7f3d2c03c000-7f3d2c04b000 r--s 000dd000 00:23 12452153                   /home/luciano/Android/Sdk/build-tools/22.0.1/lib/dx.jar
7f3d2c04b000-7f3d2c0ae000 rw-p 00000000 00:00 0 
7f3d2c0ae000-7f3d2c287000 r--s 03d09000 08:02 1573049                    /usr/lib/jvm/java-8-oracle/jre/lib/rt.jar
7f3d2c287000-7f3d2c97d000 rw-p 00000000 00:00 0 
7f3d2c97d000-7f3d2cafd000 ---p 00000000 00:00 0 
7f3d2cafd000-7f3d2ccfd000 rw-p 00000000 00:00 0 
7f3d2ccfd000-7f3d2ccfe000 ---p 00000000 00:00 0 
7f3d2ccfe000-7f3d2cdfe000 rw-p 00000000 00:00 0                          [stack:9695]
7f3d2cdfe000-7f3d2cdff000 ---p 00000000 00:00 0 
7f3d2cdff000-7f3d2ceff000 rw-p 00000000 00:00 0                          [stack:9690]
7f3d2ceff000-7f3d2cf00000 ---p 00000000 00:00 0 
7f3d2cf00000-7f3d2d000000 rw-p 00000000 00:00 0                          [stack:9686]
7f3d2d000000-7f3d2d850000 rwxp 00000000 00:00 0 
7f3d2d850000-7f3d3c000000 ---p 00000000 00:00 0 
7f3d3c000000-7f3d3c390000 rw-p 00000000 00:00 0 
7f3d3c390000-7f3d40000000 ---p 00000000 00:00 0 
7f3d40002000-7f3d40044000 rw-p 00000000 00:00 0 
7f3d40044000-7f3d40045000 ---p 00000000 00:00 0 
7f3d40045000-7f3d40159000 rw-p 00000000 00:00 0                          [stack:9684]
7f3d40159000-7f3d4029b000 ---p 00000000 00:00 0 
7f3d4029b000-7f3d402af000 rw-p 00000000 00:00 0 
7f3d402af000-7f3d403f0000 ---p 00000000 00:00 0 
7f3d403f0000-7f3d4043c000 rw-p 00000000 00:00 0 
7f3d4043c000-7f3d4049b000 ---p 00000000 00:00 0 
7f3d4049b000-7f3d404be000 rw-p 00000000 00:00 0 
7f3d404be000-7f3d4085c000 ---p 00000000 00:00 0 
7f3d4085c000-7f3d40876000 r-xp 00000000 08:02 1708058                    /usr/lib/jvm/java-8-oracle/jre/lib/amd64/libzip.so
7f3d40876000-7f3d40a76000 ---p 0001a000 08:02 1708058                    /usr/lib/jvm/java-8-oracle/jre/lib/amd64/libzip.so
7f3d40a76000-7f3d40a77000 rw-p 0001a000 08:02 1708058                    /usr/lib/jvm/java-8-oracle/jre/lib/amd64/libzip.so
7f3d40a77000-7f3d40a82000 r-xp 00000000 08:02 1573310                    /lib/x86_64-linux-gnu/libnss_files-2.19.so
7f3d40a82000-7f3d40c81000 ---p 0000b000 08:02 1573310                    /lib/x86_64-linux-gnu/libnss_files-2.19.so
7f3d40c81000-7f3d40c82000 r--p 0000a000 08:02 1573310                    /lib/x86_64-linux-gnu/libnss_files-2.19.so
7f3d40c82000-7f3d40c83000 rw-p 0000b000 08:02 1573310                    /lib/x86_64-linux-gnu/libnss_files-2.19.so
7f3d40c83000-7f3d40c8e000 r-xp 00000000 08:02 1573343                    /lib/x86_64-linux-gnu/libnss_nis-2.19.so
7f3d40c8e000-7f3d40e8d000 ---p 0000b000 08:02 1573343                    /lib/x86_64-linux-gnu/libnss_nis-2.19.so
7f3d40e8d000-7f3d40e8e000 r--p 0000a000 08:02 1573343                    /lib/x86_64-linux-gnu/libnss_nis-2.19.so
7f3d40e8e000-7f3d40e8f000 rw-p 0000b000 08:02 1573343                    /lib/x86_64-linux-gnu/libnss_nis-2.19.so
7f3d40e8f000-7f3d40ea6000 r-xp 00000000 08:02 1573330                    /lib/x86_64-linux-gnu/libnsl-2.19.so
7f3d40ea6000-7f3d410a5000 ---p 00017000 08:02 1573330                    /lib/x86_64-linux-gnu/libnsl-2.19.so
7f3d410a5000-7f3d410a6000 r--p 00016000 08:02 1573330                    /lib/x86_64-linux-gnu/libnsl-2.19.so
7f3d410a6000-7f3d410a7000 rw-p 00017000 08:02 1573330                    /lib/x86_64-linux-gnu/libnsl-2.19.so
7f3d410a7000-7f3d410a9000 rw-p 00000000 00:00 0 
7f3d410a9000-7f3d410b2000 r-xp 00000000 08:02 1573329                    /lib/x86_64-linux-gnu/libnss_compat-2.19.so
7f3d410b2000-7f3d412b1000 ---p 00009000 08:02 1573329                    /lib/x86_64-linux-gnu/libnss_compat-2.19.so
7f3d412b1000-7f3d412b2000 r--p 00008000 08:02 1573329                    /lib/x86_64-linux-gnu/libnss_compat-2.19.so
7f3d412b2000-7f3d412b3000 rw-p 00009000 08:02 1573329                    /lib/x86_64-linux-gnu/libnss_compat-2.19.so
7f3d412b3000-7f3d412dd000 r-xp 00000000 08:02 1708092                    /usr/lib/jvm/java-8-oracle/jre/lib/amd64/libjava.so
7f3d412dd000-7f3d414dd000 ---p 0002a000 08:02 1708092                    /usr/lib/jvm/java-8-oracle/jre/lib/amd64/libjava.so
7f3d414dd000-7f3d414df000 rw-p 0002a000 08:02 1708092                    /usr/lib/jvm/java-8-oracle/jre/lib/amd64/libjava.so
7f3d414df000-7f3d414ec000 r-xp 00000000 08:02 1708167                    /usr/lib/jvm/java-8-oracle/jre/lib/amd64/libverify.so
7f3d414ec000-7f3d416ec000 ---p 0000d000 08:02 1708167                    /usr/lib/jvm/java-8-oracle/jre/lib/amd64/libverify.so
7f3d416ec000-7f3d416ee000 rw-p 0000d000 08:02 1708167                    /usr/lib/jvm/java-8-oracle/jre/lib/amd64/libverify.so
7f3d416ee000-7f3d416f5000 r-xp 00000000 08:02 1573340                    /lib/x86_64-linux-gnu/librt-2.19.so
7f3d416f5000-7f3d418f4000 ---p 00007000 08:02 1573340                    /lib/x86_64-linux-gnu/librt-2.19.so
7f3d418f4000-7f3d418f5000 r--p 00006000 08:02 1573340                    /lib/x86_64-linux-gnu/librt-2.19.so
7f3d418f5000-7f3d418f6000 rw-p 00007000 08:02 1573340                    /lib/x86_64-linux-gnu/librt-2.19.so
7f3d418f6000-7f3d419fb000 r-xp 00000000 08:02 1573306                    /lib/x86_64-linux-gnu/libm-2.19.so
7f3d419fb000-7f3d41bfa000 ---p 00105000 08:02 1573306                    /lib/x86_64-linux-gnu/libm-2.19.so
7f3d41bfa000-7f3d41bfb000 r--p 00104000 08:02 1573306                    /lib/x86_64-linux-gnu/libm-2.19.so
7f3d41bfb000-7f3d41bfc000 rw-p 00105000 08:02 1573306                    /lib/x86_64-linux-gnu/libm-2.19.so
7f3d41bfc000-7f3d428aa000 r-xp 00000000 08:02 1708016                    /usr/lib/jvm/java-8-oracle/jre/lib/amd64/server/libjvm.so
7f3d428aa000-7f3d42aa9000 ---p 00cae000 08:02 1708016                    /usr/lib/jvm/java-8-oracle/jre/lib/amd64/server/libjvm.so
7f3d42aa9000-7f3d42b80000 rw-p 00cad000 08:02 1708016                    /usr/lib/jvm/java-8-oracle/jre/lib/amd64/server/libjvm.so
7f3d42b80000-7f3d42bc4000 rw-p 00000000 00:00 0 
7f3d42bc4000-7f3d42d7f000 r-xp 00000000 08:02 1573336                    /lib/x86_64-linux-gnu/libc-2.19.so
7f3d42d7f000-7f3d42f7e000 ---p 001bb000 08:02 1573336                    /lib/x86_64-linux-gnu/libc-2.19.so
7f3d42f7e000-7f3d42f82000 r--p 001ba000 08:02 1573336                    /lib/x86_64-linux-gnu/libc-2.19.so
7f3d42f82000-7f3d42f84000 rw-p 001be000 08:02 1573336                    /lib/x86_64-linux-gnu/libc-2.19.so
7f3d42f84000-7f3d42f89000 rw-p 00000000 00:00 0 
7f3d42f89000-7f3d42f8c000 r-xp 00000000 08:02 1573316                    /lib/x86_64-linux-gnu/libdl-2.19.so
7f3d42f8c000-7f3d4318b000 ---p 00003000 08:02 1573316                    /lib/x86_64-linux-gnu/libdl-2.19.so
7f3d4318b000-7f3d4318c000 r--p 00002000 08:02 1573316                    /lib/x86_64-linux-gnu/libdl-2.19.so
7f3d4318c000-7f3d4318d000 rw-p 00003000 08:02 1573316                    /lib/x86_64-linux-gnu/libdl-2.19.so
7f3d4318d000-7f3d431a2000 r-xp 00000000 08:02 1967628                    /usr/lib/jvm/java-8-oracle/lib/amd64/jli/libjli.so
7f3d431a2000-7f3d433a2000 ---p 00015000 08:02 1967628                    /usr/lib/jvm/java-8-oracle/lib/amd64/jli/libjli.so
7f3d433a2000-7f3d433a3000 rw-p 00015000 08:02 1967628                    /usr/lib/jvm/java-8-oracle/lib/amd64/jli/libjli.so
7f3d433a3000-7f3d433bc000 r-xp 00000000 08:02 1573338                    /lib/x86_64-linux-gnu/libpthread-2.19.so
7f3d433bc000-7f3d435bb000 ---p 00019000 08:02 1573338                    /lib/x86_64-linux-gnu/libpthread-2.19.so
7f3d435bb000-7f3d435bc000 r--p 00018000 08:02 1573338                    /lib/x86_64-linux-gnu/libpthread-2.19.so
7f3d435bc000-7f3d435bd000 rw-p 00019000 08:02 1573338                    /lib/x86_64-linux-gnu/libpthread-2.19.so
7f3d435bd000-7f3d435c1000 rw-p 00000000 00:00 0 
7f3d435c1000-7f3d435e4000 r-xp 00000000 08:02 1573332                    /lib/x86_64-linux-gnu/ld-2.19.so
7f3d435ea000-7f3d436bc000 rw-p 00000000 00:00 0 
7f3d436bc000-7f3d436bf000 ---p 00000000 00:00 0 
7f3d436bf000-7f3d437c1000 rw-p 00000000 00:00 0                          [stack:9678]
7f3d437c2000-7f3d437d7000 rw-p 00000000 00:00 0 
7f3d437d7000-7f3d437df000 rw-s 00000000 08:02 4854277                    /tmp/hsperfdata_luciano/9673
7f3d437df000-7f3d437e0000 rw-p 00000000 00:00 0 
7f3d437e0000-7f3d437e1000 ---p 00000000 00:00 0 
7f3d437e1000-7f3d437e3000 rw-p 00000000 00:00 0 
7f3d437e3000-7f3d437e4000 r--p 00022000 08:02 1573332                    /lib/x86_64-linux-gnu/ld-2.19.so
7f3d437e4000-7f3d437e5000 rw-p 00023000 08:02 1573332                    /lib/x86_64-linux-gnu/ld-2.19.so
7f3d437e5000-7f3d437e6000 rw-p 00000000 00:00 0 
7ffddffc8000-7ffddffe9000 rw-p 00000000 00:00 0                          [stack]
7ffddfff1000-7ffddfff3000 r-xp 00000000 00:00 0                          [vdso]
ffffffffff600000-ffffffffff601000 r-xp 00000000 00:00 0                  [vsyscall]

VM Arguments:
jvm_args: -Xmx1024M -Dfile.encoding=UTF-8 -Duser.country=US -Duser.language=en -Duser.variant 
java_command: com.android.dx.command.Main --dex --output /home/luciano/AndroidStudioProjects/Views/app/build/intermediates/pre-dexed/debug/classes-cb03a35c4774b80c7c7b2d5495a68d3df38d1223.jar /home/luciano/AndroidStudioProjects/Views/app/build/intermediates/exploded-aar/com.android.support/support-v4/22.1.1/jars/classes.jar
java_class_path (initial): /home/luciano/Android/Sdk/build-tools/22.0.1/lib/dx.jar
Launcher Type: SUN_STANDARD

Environment Variables:
JAVA_HOME=/usr/local/java/jdk1.8.0_25
PATH=/usr/local/sbin:/usr/local/bin:/usr/sbin:/usr/bin:/sbin:/bin:/usr/games:/usr/local/games:/home/luciano/bin:/usr/local/java/jdk1.8.0_25/bin
SHELL=/bin/bash
DISPLAY=:0

Signal Handlers:
SIGSEGV: [libjvm.so+0xaad1e0], sa_mask[0]=11111111011111111101111111111110, sa_flags=SA_RESTART|SA_SIGINFO
SIGBUS: [libjvm.so+0xaad1e0], sa_mask[0]=11111111011111111101111111111110, sa_flags=SA_RESTART|SA_SIGINFO
SIGFPE: [libjvm.so+0x90b450], sa_mask[0]=11111111011111111101111111111110, sa_flags=SA_RESTART|SA_SIGINFO
SIGPIPE: [libjvm.so+0x90b450], sa_mask[0]=11111111011111111101111111111110, sa_flags=SA_RESTART|SA_SIGINFO
SIGXFSZ: [libjvm.so+0x90b450], sa_mask[0]=11111111011111111101111111111110, sa_flags=SA_RESTART|SA_SIGINFO
SIGILL: [libjvm.so+0x90b450], sa_mask[0]=11111111011111111101111111111110, sa_flags=SA_RESTART|SA_SIGINFO
SIGUSR1: SIG_DFL, sa_mask[0]=00000000000000000000000000000000, sa_flags=none
SIGUSR2: [libjvm.so+0x90ca90], sa_mask[0]=00100000000000000000000000000000, sa_flags=SA_RESTART|SA_SIGINFO
SIGHUP: [libjvm.so+0x90dde0], sa_mask[0]=11111111011111111101111111111110, sa_flags=SA_RESTART|SA_SIGINFO
SIGINT: [libjvm.so+0x90dde0], sa_mask[0]=11111111011111111101111111111110, sa_flags=SA_RESTART|SA_SIGINFO
SIGTERM: [libjvm.so+0x90dde0], sa_mask[0]=11111111011111111101111111111110, sa_flags=SA_RESTART|SA_SIGINFO
SIGQUIT: [libjvm.so+0x90dde0], sa_mask[0]=11111111011111111101111111111110, sa_flags=SA_RESTART|SA_SIGINFO


---------------  S Y S T E M  ---------------

OS:DISTRIB_ID=Ubuntu
DISTRIB_RELEASE=14.04
DISTRIB_CODENAME=trusty
DISTRIB_DESCRIPTION="Ubuntu 14.04.2 LTS"

uname:Linux 3.13.0-53-generic #89-Ubuntu SMP Wed May 20 10:34:39 UTC 2015 x86_64
libc:glibc 2.19 NPTL 2.19 
rlimit: STACK 8192k, CORE 0k, NPROC 29892, NOFILE 4096, AS infinity
load average:5,79 2,43 1,10

/proc/meminfo:
MemTotal:        3910444 kB
MemFree:          104272 kB
Buffers:             388 kB
Cached:           249752 kB
SwapCached:            0 kB
Active:          3377872 kB
Inactive:         242836 kB
Active(anon):    3372524 kB
Inactive(anon):   216164 kB
Active(file):       5348 kB
Inactive(file):    26672 kB
Unevictable:          68 kB
Mlocked:              68 kB
SwapTotal:             0 kB
SwapFree:              0 kB
Dirty:               316 kB
Writeback:             0 kB
AnonPages:       3370952 kB
Mapped:           110112 kB
Shmem:            217804 kB
Slab:              92356 kB
SReclaimable:      38252 kB
SUnreclaim:        54104 kB
KernelStack:        4808 kB
PageTables:        37544 kB
NFS_Unstable:          0 kB
Bounce:                0 kB
WritebackTmp:          0 kB
CommitLimit:     1955220 kB
Committed_AS:    7323684 kB
VmallocTotal:   34359738367 kB
VmallocUsed:      347824 kB
VmallocChunk:   34359382492 kB
HardwareCorrupted:     0 kB
AnonHugePages:    991232 kB
HugePages_Total:       0
HugePages_Free:        0
HugePages_Rsvd:        0
HugePages_Surp:        0
Hugepagesize:       2048 kB
DirectMap4k:       73976 kB
DirectMap2M:     3983360 kB


CPU:total 4 (2 cores per cpu, 2 threads per core) family 6 model 58 stepping 9, cmov, cx8, fxsr, mmx, sse, sse2, sse3, ssse3, sse4.1, sse4.2, popcnt, avx, aes, clmul, erms, ht, tsc, tscinvbit, tscinv

/proc/cpuinfo:
processor	: 0
vendor_id	: GenuineIntel
cpu family	: 6
model		: 58
model name	: Intel(R) Core(TM) i5-3210M CPU @ 2.50GHz
stepping	: 9
microcode	: 0x15
cpu MHz		: 2501.000
cache size	: 3072 KB
physical id	: 0
siblings	: 4
core id		: 0
cpu cores	: 2
apicid		: 0
initial apicid	: 0
fpu		: yes
fpu_exception	: yes
cpuid level	: 13
wp		: yes
flags		: fpu vme de pse tsc msr pae mce cx8 apic sep mtrr pge mca cmov pat pse36 clflush dts acpi mmx fxsr sse sse2 ss ht tm pbe syscall nx rdtscp lm constant_tsc arch_perfmon pebs bts rep_good nopl xtopology nonstop_tsc aperfmperf eagerfpu pni pclmulqdq dtes64 monitor ds_cpl vmx est tm2 ssse3 cx16 xtpr pdcm pcid sse4_1 sse4_2 x2apic popcnt tsc_deadline_timer aes xsave avx f16c rdrand lahf_lm ida arat epb xsaveopt pln pts dtherm tpr_shadow vnmi flexpriority ept vpid fsgsbase smep erms
bogomips	: 4988.50
clflush size	: 64
cache_alignment	: 64
address sizes	: 36 bits physical, 48 bits virtual
power management:

processor	: 1
vendor_id	: GenuineIntel
cpu family	: 6
model		: 58
model name	: Intel(R) Core(TM) i5-3210M CPU @ 2.50GHz
stepping	: 9
microcode	: 0x15
cpu MHz		: 2501.000
cache size	: 3072 KB
physical id	: 0
siblings	: 4
core id		: 0
cpu cores	: 2
apicid		: 1
initial apicid	: 1
fpu		: yes
fpu_exception	: yes
cpuid level	: 13
wp		: yes
flags		: fpu vme de pse tsc msr pae mce cx8 apic sep mtrr pge mca cmov pat pse36 clflush dts acpi mmx fxsr sse sse2 ss ht tm pbe syscall nx rdtscp lm constant_tsc arch_perfmon pebs bts rep_good nopl xtopology nonstop_tsc aperfmperf eagerfpu pni pclmulqdq dtes64 monitor ds_cpl vmx est tm2 ssse3 cx16 xtpr pdcm pcid sse4_1 sse4_2 x2apic popcnt tsc_deadline_timer aes xsave avx f16c rdrand lahf_lm ida arat epb xsaveopt pln pts dtherm tpr_shadow vnmi flexpriority ept vpid fsgsbase smep erms
bogomips	: 4988.50
clflush size	: 64
cache_alignment	: 64
address sizes	: 36 bits physical, 48 bits virtual
power management:

processor	: 2
vendor_id	: GenuineIntel
cpu family	: 6
model		: 58
model name	: Intel(R) Core(TM) i5-3210M CPU @ 2.50GHz
stepping	: 9
microcode	: 0x15
cpu MHz		: 2501.000
cache size	: 3072 KB
physical id	: 0
siblings	: 4
core id		: 1
cpu cores	: 2
apicid		: 2
initial apicid	: 2
fpu		: yes
fpu_exception	: yes
cpuid level	: 13
wp		: yes
flags		: fpu vme de pse tsc msr pae mce cx8 apic sep mtrr pge mca cmov pat pse36 clflush dts acpi mmx fxsr sse sse2 ss ht tm pbe syscall nx rdtscp lm constant_tsc arch_perfmon pebs bts rep_good nopl xtopology nonstop_tsc aperfmperf eagerfpu pni pclmulqdq dtes64 monitor ds_cpl vmx est tm2 ssse3 cx16 xtpr pdcm pcid sse4_1 sse4_2 x2apic popcnt tsc_deadline_timer aes xsave avx f16c rdrand lahf_lm ida arat epb xsaveopt pln pts dtherm tpr_shadow vnmi flexpriority ept vpid fsgsbase smep erms
bogomips	: 4988.50
clflush size	: 64
cache_alignment	: 64
address sizes	: 36 bits physical, 48 bits virtual
power management:

processor	: 3
vendor_id	: GenuineIntel
cpu family	: 6
model		: 58
model name	: Intel(R) Core(TM) i5-3210M CPU @ 2.50GHz
stepping	: 9
microcode	: 0x15
cpu MHz		: 2501.000
cache size	: 3072 KB
physical id	: 0
siblings	: 4
core id		: 1
cpu cores	: 2
apicid		: 3
initial apicid	: 3
fpu		: yes
fpu_exception	: yes
cpuid level	: 13
wp		: yes
flags		: fpu vme de pse tsc msr pae mce cx8 apic sep mtrr pge mca cmov pat pse36 clflush dts acpi mmx fxsr sse sse2 ss ht tm pbe syscall nx rdtscp lm constant_tsc arch_perfmon pebs bts rep_good nopl xtopology nonstop_tsc aperfmperf eagerfpu pni pclmulqdq dtes64 monitor ds_cpl vmx est tm2 ssse3 cx16 xtpr pdcm pcid sse4_1 sse4_2 x2apic popcnt tsc_deadline_timer aes xsave avx f16c rdrand lahf_lm ida arat epb xsaveopt pln pts dtherm tpr_shadow vnmi flexpriority ept vpid fsgsbase smep erms
bogomips	: 4988.50
clflush size	: 64
cache_alignment	: 64
address sizes	: 36 bits physical, 48 bits virtual
power management:



Memory: 4k page, physical 3910444k(104272k free), swap 0k(0k free)

vm_info: Java HotSpot(TM) 64-Bit Server VM (25.45-b02) for linux-amd64 JRE (1.8.0_45-b14), built on Apr 10 2015 10:07:45 by "java_re" with gcc 4.3.0 20080428 (Red Hat 4.3.0-8)

time: Wed Jun  3 16:08:15 2015
elapsed time: 21 seconds (0d 0h 0m 21s)

