#
# There is insufficient memory for the Java Runtime Environment to continue.
# Native memory allocation (mmap) failed to map 141557760 bytes for committing reserved memory.
# Possible reasons:
#   The system is out of physical RAM or swap space
#   In 32 bit mode, the process size limit was hit
# Possible solutions:
#   Reduce memory load on the system
#   Increase physical memory or swap space
#   Check if swap backing store is full
#   Use 64 bit Java on a 64 bit OS
#   Decrease Java heap size (-Xmx/-Xms)
#   Decrease number of Java threads
#   Decrease Java thread stack sizes (-Xss)
#   Set larger code cache with -XX:ReservedCodeCacheSize=
# This output file may be truncated or incomplete.
#
#  Out of Memory Error (os_linux.cpp:2673), pid=9441, tid=140003203032832
#
# JRE version: Java(TM) SE Runtime Environment (8.0_45-b14) (build 1.8.0_45-b14)
# Java VM: Java HotSpot(TM) 64-Bit Server VM (25.45-b02 mixed mode linux-amd64 compressed oops)
# Failed to write core dump. Core dumps have been disabled. To enable core dumping, try "ulimit -c unlimited" before starting Java again
#

---------------  T H R E A D  ---------------

Current thread (0x00007f5520078000):  VMThread [stack: 0x00007f55091f2000,0x00007f55092f3000] [id=9487]

Stack: [0x00007f55091f2000,0x00007f55092f3000],  sp=0x00007f55092f1060,  free space=1020k
Native frames: (J=compiled Java code, j=interpreted, Vv=VM code, C=native code)
V  [libjvm.so+0xaac99a]  VMError::report_and_die()+0x2ba
V  [libjvm.so+0x4f333b]  report_vm_out_of_memory(char const*, int, unsigned long, VMErrorType, char const*)+0x8b
V  [libjvm.so+0x90e7c3]  os::Linux::commit_memory_impl(char*, unsigned long, bool)+0x103
V  [libjvm.so+0x90ed19]  os::pd_commit_memory(char*, unsigned long, unsigned long, bool)+0x29
V  [libjvm.so+0x90867a]  os::commit_memory(char*, unsigned long, unsigned long, bool)+0x2a
V  [libjvm.so+0x97bac3]  PSVirtualSpace::expand_by(unsigned long)+0x53
V  [libjvm.so+0x97cec8]  PSYoungGen::resize_generation(unsigned long, unsigned long)+0xf8
V  [libjvm.so+0x97c022]  PSYoungGen::resize(unsigned long, unsigned long)+0x22
V  [libjvm.so+0x9792fb]  PSScavenge::invoke_no_policy()+0xf7b
V  [libjvm.so+0x979a81]  PSScavenge::invoke()+0x41
V  [libjvm.so+0x932050]  ParallelScavengeHeap::failed_mem_allocate(unsigned long)+0x70
V  [libjvm.so+0xaae1d7]  VM_ParallelGCFailedAllocation::doit()+0x97
V  [libjvm.so+0xab59c5]  VM_Operation::evaluate()+0x55
V  [libjvm.so+0xab3d9a]  VMThread::evaluate_operation(VM_Operation*)+0xba
V  [libjvm.so+0xab411e]  VMThread::loop()+0x1ce
V  [libjvm.so+0xab4590]  VMThread::run()+0x70
V  [libjvm.so+0x910de8]  java_start(Thread*)+0x108

VM_Operation (0x00007f55279dd0f0): ParallelGCFailedAllocation, mode: safepoint, requested by thread 0x00007f552000a000


---------------  P R O C E S S  ---------------

Java Threads: ( => current thread )
  0x00007f55200c1800 JavaThread "Service Thread" daemon [_thread_blocked, id=9513, stack(0x00007f5508408000,0x00007f5508509000)]
  0x00007f55200bc000 JavaThread "C1 CompilerThread2" daemon [_thread_blocked, id=9510, stack(0x00007f5508509000,0x00007f550860a000)]
  0x00007f55200ba800 JavaThread "C2 CompilerThread1" daemon [_thread_blocked, id=9505, stack(0x00007f550860a000,0x00007f550870b000)]
  0x00007f55200b7800 JavaThread "C2 CompilerThread0" daemon [_thread_blocked, id=9502, stack(0x00007f550870b000,0x00007f550880c000)]
  0x00007f55200b6000 JavaThread "Signal Dispatcher" daemon [_thread_blocked, id=9499, stack(0x00007f550880c000,0x00007f550890d000)]
  0x00007f552007f000 JavaThread "Finalizer" daemon [_thread_blocked, id=9491, stack(0x00007f5508ff0000,0x00007f55090f1000)]
  0x00007f552007d000 JavaThread "Reference Handler" daemon [_thread_blocked, id=9490, stack(0x00007f55090f1000,0x00007f55091f2000)]
  0x00007f552000a000 JavaThread "main" [_thread_blocked, id=9468, stack(0x00007f55278df000,0x00007f55279e0000)]

Other Threads:
=>0x00007f5520078000 VMThread [stack: 0x00007f55091f2000,0x00007f55092f3000] [id=9487]
  0x00007f55200c3800 WatcherThread [stack: 0x00007f5508307000,0x00007f5508408000] [id=9521]

VM state:at safepoint (normal execution)

VM Mutex/Monitor currently owned by a thread:  ([mutex/lock_event])
[0x00007f5520006370] Threads_lock - owner thread: 0x00007f5520078000
[0x00007f5520006870] Heap_lock - owner thread: 0x00007f552000a000

Heap:
 PSYoungGen      total 134656K, used 14311K [0x00000000eab00000, 0x00000000f3f00000, 0x0000000100000000)
  eden space 120320K, 0% used [0x00000000eab00000,0x00000000eab00000,0x00000000f2080000)
  from space 14336K, 99% used [0x00000000f2080000,0x00000000f2e79e08,0x00000000f2e80000)
  to   space 11776K, 0% used [0x00000000f2e80000,0x00000000f2e80000,0x00000000f3a00000)
 ParOldGen       total 40960K, used 38351K [0x00000000c0000000, 0x00000000c2800000, 0x00000000eab00000)
  object space 40960K, 93% used [0x00000000c0000000,0x00000000c2573c18,0x00000000c2800000)
 Metaspace       used 6037K, capacity 7152K, committed 7296K, reserved 1056768K
  class space    used 571K, capacity 616K, committed 640K, reserved 1048576K

Card table byte_map: [0x00007f55244be000,0x00007f55246bf000] byte_map_base: 0x00007f5523ebe000

Marking Bits: (ParMarkBitMap*) 0x00007f5526dbc760
 Begin Bits: [0x00007f550a000000, 0x00007f550b000000)
 End Bits:   [0x00007f550b000000, 0x00007f550c000000)

Polling page: 0x00007f5527a03000

CodeCache: size=245760Kb used=8125Kb max_used=8125Kb free=237634Kb
 bounds [0x00007f5511000000, 0x00007f5511800000, 0x00007f5520000000]
 total_blobs=2096 nmethods=1832 adapters=178
 compilation: enabled

Compilation events (10 events):
Event: 9,471 Thread 0x00007f55200bc000 1914 %     3       com.android.dx.ssa.back.FirstFitLocalCombiningAllocator::getLocalItemForReg @ 48 (97 bytes)
Event: 9,472 Thread 0x00007f55200bc000 nmethod 1914% 0x00007f55117f0f50 code [0x00007f55117f11c0, 0x00007f55117f21f8]
Event: 9,472 Thread 0x00007f55200bc000 1915       3       com.android.dx.ssa.back.FirstFitLocalCombiningAllocator::getLocalItemForReg (97 bytes)
Event: 9,473 Thread 0x00007f55200bc000 nmethod 1915 0x00007f55117f27d0 code [0x00007f55117f2a20, 0x00007f55117f3998]
Event: 9,475 Thread 0x00007f55200bc000 1916       2       com.android.dx.ssa.DeadCodeRemover$NoSideEffectVisitor::visitMoveInsn (22 bytes)
Event: 9,476 Thread 0x00007f55200bc000 nmethod 1916 0x00007f55117f3f10 code [0x00007f55117f4080, 0x00007f55117f4258]
Event: 9,476 Thread 0x00007f55200bc000 1917       2       com.android.dx.ssa.LiteralOpUpgrader::tryReplacingWithConstant (161 bytes)
Event: 9,477 Thread 0x00007f55200bc000 nmethod 1917 0x00007f55117f43d0 code [0x00007f55117f45e0, 0x00007f55117f4bd8]
Event: 9,547 Thread 0x00007f55200bc000 1919       2       com.android.dx.ssa.back.FirstFitLocalCombiningAllocator::ssaSetToSpecs (57 bytes)
Event: 9,548 Thread 0x00007f55200bc000 nmethod 1919 0x00007f55117f5450 code [0x00007f55117f5660, 0x00007f55117f5e58]

GC Heap History (10 events):
Event: 2,629 GC heap after
Heap after GC invocations=2 (full 0):
 PSYoungGen      total 33280K, used 2554K [0x00000000eab00000, 0x00000000ece00000, 0x0000000100000000)
  eden space 30720K, 0% used [0x00000000eab00000,0x00000000eab00000,0x00000000ec900000)
  from space 2560K, 99% used [0x00000000ecb80000,0x00000000ecdfeac8,0x00000000ece00000)
  to   space 2560K, 0% used [0x00000000ec900000,0x00000000ec900000,0x00000000ecb80000)
 ParOldGen       total 40960K, used 3885K [0x00000000c0000000, 0x00000000c2800000, 0x00000000eab00000)
  object space 40960K, 9% used [0x00000000c0000000,0x00000000c03cb5c0,0x00000000c2800000)
 Metaspace       used 5650K, capacity 6896K, committed 7040K, reserved 1056768K
  class space    used 546K, capacity 616K, committed 640K, reserved 1048576K
}
Event: 3,675 GC heap before
{Heap before GC invocations=3 (full 0):
 PSYoungGen      total 33280K, used 33274K [0x00000000eab00000, 0x00000000ece00000, 0x0000000100000000)
  eden space 30720K, 100% used [0x00000000eab00000,0x00000000ec900000,0x00000000ec900000)
  from space 2560K, 99% used [0x00000000ecb80000,0x00000000ecdfeac8,0x00000000ece00000)
  to   space 2560K, 0% used [0x00000000ec900000,0x00000000ec900000,0x00000000ecb80000)
 ParOldGen       total 40960K, used 3885K [0x00000000c0000000, 0x00000000c2800000, 0x00000000eab00000)
  object space 40960K, 9% used [0x00000000c0000000,0x00000000c03cb5c0,0x00000000c2800000)
 Metaspace       used 5780K, capacity 7024K, committed 7296K, reserved 1056768K
  class space    used 546K, capacity 616K, committed 640K, reserved 1048576K
Event: 3,811 GC heap after
Heap after GC invocations=3 (full 0):
 PSYoungGen      total 33280K, used 2547K [0x00000000eab00000, 0x00000000eec00000, 0x0000000100000000)
  eden space 30720K, 0% used [0x00000000eab00000,0x00000000eab00000,0x00000000ec900000)
  from space 2560K, 99% used [0x00000000ec900000,0x00000000ecb7cd28,0x00000000ecb80000)
  to   space 2560K, 0% used [0x00000000ee980000,0x00000000ee980000,0x00000000eec00000)
 ParOldGen       total 40960K, used 8479K [0x00000000c0000000, 0x00000000c2800000, 0x00000000eab00000)
  object space 40960K, 20% used [0x00000000c0000000,0x00000000c0847d00,0x00000000c2800000)
 Metaspace       used 5780K, capacity 7024K, committed 7296K, reserved 1056768K
  class space    used 546K, capacity 616K, committed 640K, reserved 1048576K
}
Event: 5,844 GC heap before
{Heap before GC invocations=4 (full 0):
 PSYoungGen      total 33280K, used 33267K [0x00000000eab00000, 0x00000000eec00000, 0x0000000100000000)
  eden space 30720K, 100% used [0x00000000eab00000,0x00000000ec900000,0x00000000ec900000)
  from space 2560K, 99% used [0x00000000ec900000,0x00000000ecb7cd28,0x00000000ecb80000)
  to   space 2560K, 0% used [0x00000000ee980000,0x00000000ee980000,0x00000000eec00000)
 ParOldGen       total 40960K, used 8479K [0x00000000c0000000, 0x00000000c2800000, 0x00000000eab00000)
  object space 40960K, 20% used [0x00000000c0000000,0x00000000c0847d00,0x00000000c2800000)
 Metaspace       used 5837K, capacity 7088K, committed 7296K, reserved 1056768K
  class space    used 548K, capacity 616K, committed 640K, reserved 1048576K
Event: 5,908 GC heap after
Heap after GC invocations=4 (full 0):
 PSYoungGen      total 64000K, used 2547K [0x00000000eab00000, 0x00000000eec00000, 0x0000000100000000)
  eden space 61440K, 0% used [0x00000000eab00000,0x00000000eab00000,0x00000000ee700000)
  from space 2560K, 99% used [0x00000000ee980000,0x00000000eebfcd28,0x00000000eec00000)
  to   space 2560K, 0% used [0x00000000ee700000,0x00000000ee700000,0x00000000ee980000)
 ParOldGen       total 40960K, used 13234K [0x00000000c0000000, 0x00000000c2800000, 0x00000000eab00000)
  object space 40960K, 32% used [0x00000000c0000000,0x00000000c0cecb98,0x00000000c2800000)
 Metaspace       used 5837K, capacity 7088K, committed 7296K, reserved 1056768K
  class space    used 548K, capacity 616K, committed 640K, reserved 1048576K
}
Event: 7,635 GC heap before
{Heap before GC invocations=5 (full 0):
 PSYoungGen      total 64000K, used 63987K [0x00000000eab00000, 0x00000000eec00000, 0x0000000100000000)
  eden space 61440K, 100% used [0x00000000eab00000,0x00000000ee700000,0x00000000ee700000)
  from space 2560K, 99% used [0x00000000ee980000,0x00000000eebfcd28,0x00000000eec00000)
  to   space 2560K, 0% used [0x00000000ee700000,0x00000000ee700000,0x00000000ee980000)
 ParOldGen       total 40960K, used 13234K [0x00000000c0000000, 0x00000000c2800000, 0x00000000eab00000)
  object space 40960K, 32% used [0x00000000c0000000,0x00000000c0cecb98,0x00000000c2800000)
 Metaspace       used 5975K, capacity 7088K, committed 7296K, reserved 1056768K
  class space    used 571K, capacity 616K, committed 640K, reserved 1048576K
Event: 7,655 GC heap after
Heap after GC invocations=5 (full 0):
 PSYoungGen      total 64000K, used 2529K [0x00000000eab00000, 0x00000000f3a00000, 0x0000000100000000)
  eden space 61440K, 0% used [0x00000000eab00000,0x00000000eab00000,0x00000000ee700000)
  from space 2560K, 98% used [0x00000000ee700000,0x00000000ee9786f0,0x00000000ee980000)
  to   space 11776K, 0% used [0x00000000f2e80000,0x00000000f2e80000,0x00000000f3a00000)
 ParOldGen       total 40960K, used 22048K [0x00000000c0000000, 0x00000000c2800000, 0x00000000eab00000)
  object space 40960K, 53% used [0x00000000c0000000,0x00000000c15880b0,0x00000000c2800000)
 Metaspace       used 5975K, capacity 7088K, committed 7296K, reserved 1056768K
  class space    used 571K, capacity 616K, committed 640K, reserved 1048576K
}
Event: 8,163 GC heap before
{Heap before GC invocations=6 (full 0):
 PSYoungGen      total 64000K, used 63969K [0x00000000eab00000, 0x00000000f3a00000, 0x0000000100000000)
  eden space 61440K, 100% used [0x00000000eab00000,0x00000000ee700000,0x00000000ee700000)
  from space 2560K, 98% used [0x00000000ee700000,0x00000000ee9786f0,0x00000000ee980000)
  to   space 11776K, 0% used [0x00000000f2e80000,0x00000000f2e80000,0x00000000f3a00000)
 ParOldGen       total 40960K, used 22048K [0x00000000c0000000, 0x00000000c2800000, 0x00000000eab00000)
  object space 40960K, 53% used [0x00000000c0000000,0x00000000c15880b0,0x00000000c2800000)
 Metaspace       used 6002K, capacity 7152K, committed 7296K, reserved 1056768K
  class space    used 571K, capacity 616K, committed 640K, reserved 1048576K
Event: 8,203 GC heap after
Heap after GC invocations=6 (full 0):
 PSYoungGen      total 132096K, used 11748K [0x00000000eab00000, 0x00000000f3f00000, 0x0000000100000000)
  eden space 120320K, 0% used [0x00000000eab00000,0x00000000eab00000,0x00000000f2080000)
  from space 11776K, 99% used [0x00000000f2e80000,0x00000000f39f91c0,0x00000000f3a00000)
  to   space 14336K, 0% used [0x00000000f2080000,0x00000000f2080000,0x00000000f2e80000)
 ParOldGen       total 40960K, used 22504K [0x00000000c0000000, 0x00000000c2800000, 0x00000000eab00000)
  object space 40960K, 54% used [0x00000000c0000000,0x00000000c15fa030,0x00000000c2800000)
 Metaspace       used 6002K, capacity 7152K, committed 7296K, reserved 1056768K
  class space    used 571K, capacity 616K, committed 640K, reserved 1048576K
}
Event: 9,573 GC heap before
{Heap before GC invocations=7 (full 0):
 PSYoungGen      total 132096K, used 132068K [0x00000000eab00000, 0x00000000f3f00000, 0x0000000100000000)
  eden space 120320K, 100% used [0x00000000eab00000,0x00000000f2080000,0x00000000f2080000)
  from space 11776K, 99% used [0x00000000f2e80000,0x00000000f39f91c0,0x00000000f3a00000)
  to   space 14336K, 0% used [0x00000000f2080000,0x00000000f2080000,0x00000000f2e80000)
 ParOldGen       total 40960K, used 22504K [0x00000000c0000000, 0x00000000c2800000, 0x00000000eab00000)
  object space 40960K, 54% used [0x00000000c0000000,0x00000000c15fa030,0x00000000c2800000)
 Metaspace       used 6037K, capacity 7152K, committed 7296K, reserved 1056768K
  class space    used 571K, capacity 616K, committed 640K, reserved 1048576K

Deoptimization events (10 events):
Event: 7,238 Thread 0x00007f552000a000 Uncommon trap: reason=unstable_if action=reinterpret pc=0x00007f551148e264 method=java.util.HashMap.putVal(ILjava/lang/Object;Ljava/lang/Object;ZZ)Ljava/lang/Object; @ 162
Event: 7,329 Thread 0x00007f552000a000 Uncommon trap: reason=unstable_if action=reinterpret pc=0x00007f55113ad3f8 method=java.util.HashMap.getNode(ILjava/lang/Object;)Ljava/util/HashMap$Node; @ 84
Event: 9,355 Thread 0x00007f552000a000 Uncommon trap: reason=unstable_if action=reinterpret pc=0x00007f5511654240 method=com.android.dx.ssa.MoveParamCombiner$1.visitNonMoveInsn(Lcom/android/dx/ssa/NormalSsaInsn;)V @ 27
Event: 9,429 Thread 0x00007f552000a000 Uncommon trap: reason=class_check action=maybe_recompile pc=0x00007f55117c10f4 method=com.android.dx.cf.code.OneLocalsArray.set(ILcom/android/dx/rop/type/TypeBearer;)V @ 85
Event: 9,430 Thread 0x00007f552000a000 Uncommon trap: reason=class_check action=maybe_recompile pc=0x00007f55117c10f4 method=com.android.dx.cf.code.OneLocalsArray.set(ILcom/android/dx/rop/type/TypeBearer;)V @ 85
Event: 9,433 Thread 0x00007f552000a000 Uncommon trap: reason=class_check action=maybe_recompile pc=0x00007f55117c10f4 method=com.android.dx.cf.code.OneLocalsArray.set(ILcom/android/dx/rop/type/TypeBearer;)V @ 85
Event: 9,433 Thread 0x00007f552000a000 Uncommon trap: reason=class_check action=maybe_recompile pc=0x00007f55117c10f4 method=com.android.dx.cf.code.OneLocalsArray.set(ILcom/android/dx/rop/type/TypeBearer;)V @ 85
Event: 9,467 Thread 0x00007f552000a000 Uncommon trap: reason=bimorphic action=maybe_recompile pc=0x00007f551170d374 method=com.android.dx.ssa.LiteralOpUpgrader.tryReplacingWithConstant(Lcom/android/dx/ssa/NormalSsaInsn;)Z @ 62
Event: 9,467 Thread 0x00007f552000a000 Uncommon trap: reason=unstable_if action=reinterpret pc=0x00007f55116dcacc method=com.android.dx.ssa.LiteralOpUpgrader$1.visitNonMoveInsn(Lcom/android/dx/ssa/NormalSsaInsn;)V @ 24
Event: 9,476 Thread 0x00007f552000a000 Uncommon trap: reason=bimorphic action=maybe_recompile pc=0x00007f551170d374 method=com.android.dx.ssa.LiteralOpUpgrader.tryReplacingWithConstant(Lcom/android/dx/ssa/NormalSsaInsn;)Z @ 62

Internal exceptions (6 events):
Event: 0,288 Thread 0x00007f552000a000 Exception <a 'java/lang/NoSuchMethodError': Method sun.misc.Unsafe.defineClass(Ljava/lang/String;[BII)Ljava/lang/Class; name or signature does not match> (0x00000000eab12a38) thrown at [/RE-WORK/workspace/8-2-build-linux-amd64/jdk8u45/3457/hotspot/src/sha
Event: 0,288 Thread 0x00007f552000a000 Exception <a 'java/lang/NoSuchMethodError': Method sun.misc.Unsafe.prefetchRead(Ljava/lang/Object;J)V name or signature does not match> (0x00000000eab12cc8) thrown at [/RE-WORK/workspace/8-2-build-linux-amd64/jdk8u45/3457/hotspot/src/share/vm/prims/jni.cp
Event: 3,594 Thread 0x00007f552000a000 Implicit null exception at 0x00007f5511318f22 to 0x00007f5511319013
Event: 6,253 Thread 0x00007f552000a000 Exception <a 'java/lang/ArrayIndexOutOfBoundsException': 18> (0x00000000eb154fe0) thrown at [/RE-WORK/workspace/8-2-build-linux-amd64/jdk8u45/3457/hotspot/src/share/vm/interpreter/interpreterRuntime.cpp, line 366]
Event: 7,285 Thread 0x00007f552000a000 Exception <a 'java/lang/ArrayIndexOutOfBoundsException': 145> (0x00000000ec7e31f0) thrown at [/RE-WORK/workspace/8-2-build-linux-amd64/jdk8u45/3457/hotspot/src/share/vm/interpreter/interpreterRuntime.cpp, line 366]
Event: 7,286 Thread 0x00007f552000a000 Exception <a 'java/lang/ArrayIndexOutOfBoundsException'> (0x00000000ec7e4428) thrown at [/RE-WORK/workspace/8-2-build-linux-amd64/jdk8u45/3457/hotspot/src/share/vm/runtime/sharedRuntime.cpp, line 605]

Events (10 events):
Event: 9,467 Thread 0x00007f552000a000 DEOPT UNPACKING pc=0x00007f5511005229 sp=0x00007f55279ddac0 mode 2
Event: 9,467 Thread 0x00007f552000a000 Uncommon trap: trap_request=0xffffff65 fr.pc=0x00007f55116dcacc
Event: 9,467 Thread 0x00007f552000a000 DEOPT PACKING pc=0x00007f55116dcacc sp=0x00007f55279ddb70
Event: 9,467 Thread 0x00007f552000a000 DEOPT UNPACKING pc=0x00007f5511005229 sp=0x00007f55279ddb40 mode 2
Event: 9,473 Thread 0x00007f552000a000 DEOPT PACKING pc=0x00007f5511699c58 sp=0x00007f55279dd9f0
Event: 9,473 Thread 0x00007f552000a000 DEOPT UNPACKING pc=0x00007f5511047633 sp=0x00007f55279dd790 mode 0
Event: 9,476 Thread 0x00007f552000a000 Uncommon trap: trap_request=0xffffffc6 fr.pc=0x00007f551170d374
Event: 9,476 Thread 0x00007f552000a000 DEOPT PACKING pc=0x00007f551170d374 sp=0x00007f55279dd940
Event: 9,476 Thread 0x00007f552000a000 DEOPT UNPACKING pc=0x00007f5511005229 sp=0x00007f55279dd900 mode 2
Event: 9,573 Executing VM operation: ParallelGCFailedAllocation


Dynamic libraries:
00400000-00401000 r-xp 00000000 08:02 1716277                            /usr/lib/jvm/java-8-oracle/bin/java
00600000-00601000 rw-p 00000000 08:02 1716277                            /usr/lib/jvm/java-8-oracle/bin/java
024d8000-024f9000 rw-p 00000000 00:00 0                                  [heap]
c0000000-c2800000 rw-p 00000000 00:00 0 
c2800000-eab00000 ---p 00000000 00:00 0 
eab00000-f3f00000 rw-p 00000000 00:00 0 
fc600000-100000000 ---p 00000000 00:00 0 
100000000-1000a0000 rw-p 00000000 00:00 0 
1000a0000-140000000 ---p 00000000 00:00 0 
7f54d4000000-7f54d4021000 rw-p 00000000 00:00 0 
7f54d4021000-7f54d8000000 ---p 00000000 00:00 0 
7f54dc000000-7f54dc9dc000 rw-p 00000000 00:00 0 
7f54dc9dc000-7f54e0000000 ---p 00000000 00:00 0 
7f54e0000000-7f54e0021000 rw-p 00000000 00:00 0 
7f54e0021000-7f54e4000000 ---p 00000000 00:00 0 
7f54e4000000-7f54e53e2000 rw-p 00000000 00:00 0 
7f54e53e2000-7f54e8000000 ---p 00000000 00:00 0 
7f54e8000000-7f54e90a5000 rw-p 00000000 00:00 0 
7f54e90a5000-7f54ec000000 ---p 00000000 00:00 0 
7f54ec000000-7f54ec021000 rw-p 00000000 00:00 0 
7f54ec021000-7f54f0000000 ---p 00000000 00:00 0 
7f54f0000000-7f54f0021000 rw-p 00000000 00:00 0 
7f54f0021000-7f54f4000000 ---p 00000000 00:00 0 
7f54f4000000-7f54f428a000 rw-p 00000000 00:00 0 
7f54f428a000-7f54f8000000 ---p 00000000 00:00 0 
7f54f8000000-7f54f8021000 rw-p 00000000 00:00 0 
7f54f8021000-7f54fc000000 ---p 00000000 00:00 0 
7f54fc000000-7f54fc021000 rw-p 00000000 00:00 0 
7f54fc021000-7f5500000000 ---p 00000000 00:00 0 
7f5500000000-7f5500021000 rw-p 00000000 00:00 0 
7f5500021000-7f5504000000 ---p 00000000 00:00 0 
7f5504000000-7f5504021000 rw-p 00000000 00:00 0 
7f5504021000-7f5508000000 ---p 00000000 00:00 0 
7f5508307000-7f5508308000 ---p 00000000 00:00 0 
7f5508308000-7f5508408000 rw-p 00000000 00:00 0                          [stack:9521]
7f5508408000-7f550840b000 ---p 00000000 00:00 0 
7f550840b000-7f5508509000 rw-p 00000000 00:00 0                          [stack:9513]
7f5508509000-7f550850c000 ---p 00000000 00:00 0 
7f550850c000-7f550860a000 rw-p 00000000 00:00 0                          [stack:9510]
7f550860a000-7f550860d000 ---p 00000000 00:00 0 
7f550860d000-7f550870b000 rw-p 00000000 00:00 0                          [stack:9505]
7f550870b000-7f550870e000 ---p 00000000 00:00 0 
7f550870e000-7f550880c000 rw-p 00000000 00:00 0                          [stack:9502]
7f550880c000-7f550880f000 ---p 00000000 00:00 0 
7f550880f000-7f550890d000 rw-p 00000000 00:00 0                          [stack:9499]
7f550890d000-7f5508ff0000 r--p 00000000 08:02 1055939                    /usr/lib/locale/locale-archive
7f5508ff0000-7f5508ff3000 ---p 00000000 00:00 0 
7f5508ff3000-7f55090f1000 rw-p 00000000 00:00 0                          [stack:9491]
7f55090f1000-7f55090f4000 ---p 00000000 00:00 0 
7f55090f4000-7f55091f2000 rw-p 00000000 00:00 0                          [stack:9490]
7f55091f2000-7f55091f3000 ---p 00000000 00:00 0 
7f55091f3000-7f550c000000 rw-p 00000000 00:00 0                          [stack:9487]
7f550c000000-7f550c021000 rw-p 00000000 00:00 0 
7f550c021000-7f5510000000 ---p 00000000 00:00 0 
7f551004b000-7f551005d000 r--s 000c6000 00:23 14812774                   /home/luciano/AndroidStudioProjects/Views/app/build/intermediates/exploded-aar/com.android.support/support-v4/22.1.1/jars/classes.jar
7f551005d000-7f551006c000 r--s 000dd000 00:23 12452153                   /home/luciano/Android/Sdk/build-tools/22.0.1/lib/dx.jar
7f551006c000-7f55102b0000 rw-p 00000000 00:00 0 
7f55102b0000-7f5510489000 r--s 03d09000 08:02 1573049                    /usr/lib/jvm/java-8-oracle/jre/lib/rt.jar
7f5510489000-7f5510b7f000 rw-p 00000000 00:00 0 
7f5510b7f000-7f5510cff000 ---p 00000000 00:00 0 
7f5510cff000-7f5510eff000 rw-p 00000000 00:00 0 
7f5510eff000-7f5510f00000 ---p 00000000 00:00 0 
7f5510f00000-7f5511000000 rw-p 00000000 00:00 0                          [stack:9485]
7f5511000000-7f5511800000 rwxp 00000000 00:00 0 
7f5511800000-7f5520000000 ---p 00000000 00:00 0 
7f5520000000-7f552038f000 rw-p 00000000 00:00 0 
7f552038f000-7f5524000000 ---p 00000000 00:00 0 
7f5524002000-7f5524065000 rw-p 00000000 00:00 0 
7f5524065000-7f5524066000 ---p 00000000 00:00 0 
7f5524066000-7f5524166000 rw-p 00000000 00:00 0                          [stack:9483]
7f5524166000-7f5524167000 ---p 00000000 00:00 0 
7f5524167000-7f5524267000 rw-p 00000000 00:00 0                          [stack:9481]
7f5524267000-7f5524268000 ---p 00000000 00:00 0 
7f5524268000-7f552437c000 rw-p 00000000 00:00 0                          [stack:9480]
7f552437c000-7f55244be000 ---p 00000000 00:00 0 
7f55244be000-7f55244d2000 rw-p 00000000 00:00 0 
7f55244d2000-7f5524613000 ---p 00000000 00:00 0 
7f5524613000-7f552465e000 rw-p 00000000 00:00 0 
7f552465e000-7f55246be000 ---p 00000000 00:00 0 
7f55246be000-7f55246df000 rw-p 00000000 00:00 0 
7f55246df000-7f5524a7f000 ---p 00000000 00:00 0 
7f5524a7f000-7f5524a99000 r-xp 00000000 08:02 1708058                    /usr/lib/jvm/java-8-oracle/jre/lib/amd64/libzip.so
7f5524a99000-7f5524c99000 ---p 0001a000 08:02 1708058                    /usr/lib/jvm/java-8-oracle/jre/lib/amd64/libzip.so
7f5524c99000-7f5524c9a000 rw-p 0001a000 08:02 1708058                    /usr/lib/jvm/java-8-oracle/jre/lib/amd64/libzip.so
7f5524c9a000-7f5524ca5000 r-xp 00000000 08:02 1573310                    /lib/x86_64-linux-gnu/libnss_files-2.19.so
7f5524ca5000-7f5524ea4000 ---p 0000b000 08:02 1573310                    /lib/x86_64-linux-gnu/libnss_files-2.19.so
7f5524ea4000-7f5524ea5000 r--p 0000a000 08:02 1573310                    /lib/x86_64-linux-gnu/libnss_files-2.19.so
7f5524ea5000-7f5524ea6000 rw-p 0000b000 08:02 1573310                    /lib/x86_64-linux-gnu/libnss_files-2.19.so
7f5524ea6000-7f5524eb1000 r-xp 00000000 08:02 1573343                    /lib/x86_64-linux-gnu/libnss_nis-2.19.so
7f5524eb1000-7f55250b0000 ---p 0000b000 08:02 1573343                    /lib/x86_64-linux-gnu/libnss_nis-2.19.so
7f55250b0000-7f55250b1000 r--p 0000a000 08:02 1573343                    /lib/x86_64-linux-gnu/libnss_nis-2.19.so
7f55250b1000-7f55250b2000 rw-p 0000b000 08:02 1573343                    /lib/x86_64-linux-gnu/libnss_nis-2.19.so
7f55250b2000-7f55250c9000 r-xp 00000000 08:02 1573330                    /lib/x86_64-linux-gnu/libnsl-2.19.so
7f55250c9000-7f55252c8000 ---p 00017000 08:02 1573330                    /lib/x86_64-linux-gnu/libnsl-2.19.so
7f55252c8000-7f55252c9000 r--p 00016000 08:02 1573330                    /lib/x86_64-linux-gnu/libnsl-2.19.so
7f55252c9000-7f55252ca000 rw-p 00017000 08:02 1573330                    /lib/x86_64-linux-gnu/libnsl-2.19.so
7f55252ca000-7f55252cc000 rw-p 00000000 00:00 0 
7f55252cc000-7f55252d5000 r-xp 00000000 08:02 1573329                    /lib/x86_64-linux-gnu/libnss_compat-2.19.so
7f55252d5000-7f55254d4000 ---p 00009000 08:02 1573329                    /lib/x86_64-linux-gnu/libnss_compat-2.19.so
7f55254d4000-7f55254d5000 r--p 00008000 08:02 1573329                    /lib/x86_64-linux-gnu/libnss_compat-2.19.so
7f55254d5000-7f55254d6000 rw-p 00009000 08:02 1573329                    /lib/x86_64-linux-gnu/libnss_compat-2.19.so
7f55254d6000-7f5525500000 r-xp 00000000 08:02 1708092                    /usr/lib/jvm/java-8-oracle/jre/lib/amd64/libjava.so
7f5525500000-7f5525700000 ---p 0002a000 08:02 1708092                    /usr/lib/jvm/java-8-oracle/jre/lib/amd64/libjava.so
7f5525700000-7f5525702000 rw-p 0002a000 08:02 1708092                    /usr/lib/jvm/java-8-oracle/jre/lib/amd64/libjava.so
7f5525702000-7f552570f000 r-xp 00000000 08:02 1708167                    /usr/lib/jvm/java-8-oracle/jre/lib/amd64/libverify.so
7f552570f000-7f552590f000 ---p 0000d000 08:02 1708167                    /usr/lib/jvm/java-8-oracle/jre/lib/amd64/libverify.so
7f552590f000-7f5525911000 rw-p 0000d000 08:02 1708167                    /usr/lib/jvm/java-8-oracle/jre/lib/amd64/libverify.so
7f5525911000-7f5525918000 r-xp 00000000 08:02 1573340                    /lib/x86_64-linux-gnu/librt-2.19.so
7f5525918000-7f5525b17000 ---p 00007000 08:02 1573340                    /lib/x86_64-linux-gnu/librt-2.19.so
7f5525b17000-7f5525b18000 r--p 00006000 08:02 1573340                    /lib/x86_64-linux-gnu/librt-2.19.so
7f5525b18000-7f5525b19000 rw-p 00007000 08:02 1573340                    /lib/x86_64-linux-gnu/librt-2.19.so
7f5525b19000-7f5525c1e000 r-xp 00000000 08:02 1573306                    /lib/x86_64-linux-gnu/libm-2.19.so
7f5525c1e000-7f5525e1d000 ---p 00105000 08:02 1573306                    /lib/x86_64-linux-gnu/libm-2.19.so
7f5525e1d000-7f5525e1e000 r--p 00104000 08:02 1573306                    /lib/x86_64-linux-gnu/libm-2.19.so
7f5525e1e000-7f5525e1f000 rw-p 00105000 08:02 1573306                    /lib/x86_64-linux-gnu/libm-2.19.so
7f5525e1f000-7f5526acd000 r-xp 00000000 08:02 1708016                    /usr/lib/jvm/java-8-oracle/jre/lib/amd64/server/libjvm.so
7f5526acd000-7f5526ccc000 ---p 00cae000 08:02 1708016                    /usr/lib/jvm/java-8-oracle/jre/lib/amd64/server/libjvm.so
7f5526ccc000-7f5526da3000 rw-p 00cad000 08:02 1708016                    /usr/lib/jvm/java-8-oracle/jre/lib/amd64/server/libjvm.so
7f5526da3000-7f5526de7000 rw-p 00000000 00:00 0 
7f5526de7000-7f5526fa2000 r-xp 00000000 08:02 1573336                    /lib/x86_64-linux-gnu/libc-2.19.so
7f5526fa2000-7f55271a1000 ---p 001bb000 08:02 1573336                    /lib/x86_64-linux-gnu/libc-2.19.so
7f55271a1000-7f55271a5000 r--p 001ba000 08:02 1573336                    /lib/x86_64-linux-gnu/libc-2.19.so
7f55271a5000-7f55271a7000 rw-p 001be000 08:02 1573336                    /lib/x86_64-linux-gnu/libc-2.19.so
7f55271a7000-7f55271ac000 rw-p 00000000 00:00 0 
7f55271ac000-7f55271af000 r-xp 00000000 08:02 1573316                    /lib/x86_64-linux-gnu/libdl-2.19.so
7f55271af000-7f55273ae000 ---p 00003000 08:02 1573316                    /lib/x86_64-linux-gnu/libdl-2.19.so
7f55273ae000-7f55273af000 r--p 00002000 08:02 1573316                    /lib/x86_64-linux-gnu/libdl-2.19.so
7f55273af000-7f55273b0000 rw-p 00003000 08:02 1573316                    /lib/x86_64-linux-gnu/libdl-2.19.so
7f55273b0000-7f55273c5000 r-xp 00000000 08:02 1967628                    /usr/lib/jvm/java-8-oracle/lib/amd64/jli/libjli.so
7f55273c5000-7f55275c5000 ---p 00015000 08:02 1967628                    /usr/lib/jvm/java-8-oracle/lib/amd64/jli/libjli.so
7f55275c5000-7f55275c6000 rw-p 00015000 08:02 1967628                    /usr/lib/jvm/java-8-oracle/lib/amd64/jli/libjli.so
7f55275c6000-7f55275df000 r-xp 00000000 08:02 1573338                    /lib/x86_64-linux-gnu/libpthread-2.19.so
7f55275df000-7f55277de000 ---p 00019000 08:02 1573338                    /lib/x86_64-linux-gnu/libpthread-2.19.so
7f55277de000-7f55277df000 r--p 00018000 08:02 1573338                    /lib/x86_64-linux-gnu/libpthread-2.19.so
7f55277df000-7f55277e0000 rw-p 00019000 08:02 1573338                    /lib/x86_64-linux-gnu/libpthread-2.19.so
7f55277e0000-7f55277e4000 rw-p 00000000 00:00 0 
7f55277e4000-7f5527807000 r-xp 00000000 08:02 1573332                    /lib/x86_64-linux-gnu/ld-2.19.so
7f552780d000-7f55278df000 rw-p 00000000 00:00 0 
7f55278df000-7f55278e2000 ---p 00000000 00:00 0 
7f55278e2000-7f55279e4000 rw-p 00000000 00:00 0                          [stack:9468]
7f55279e5000-7f55279fa000 rw-p 00000000 00:00 0 
7f55279fa000-7f5527a02000 rw-s 00000000 08:02 4854274                    /tmp/hsperfdata_luciano/9441
7f5527a02000-7f5527a03000 rw-p 00000000 00:00 0 
7f5527a03000-7f5527a04000 ---p 00000000 00:00 0 
7f5527a04000-7f5527a06000 rw-p 00000000 00:00 0 
7f5527a06000-7f5527a07000 r--p 00022000 08:02 1573332                    /lib/x86_64-linux-gnu/ld-2.19.so
7f5527a07000-7f5527a08000 rw-p 00023000 08:02 1573332                    /lib/x86_64-linux-gnu/ld-2.19.so
7f5527a08000-7f5527a09000 rw-p 00000000 00:00 0 
7ffe15346000-7ffe15367000 rw-p 00000000 00:00 0                          [stack]
7ffe15397000-7ffe15399000 r-xp 00000000 00:00 0                          [vdso]
ffffffffff600000-ffffffffff601000 r-xp 00000000 00:00 0                  [vsyscall]

VM Arguments:
jvm_args: -Xmx1024M -Dfile.encoding=UTF-8 -Duser.country=US -Duser.language=en -Duser.variant 
java_command: com.android.dx.command.Main --dex --output /home/luciano/AndroidStudioProjects/Views/app/build/intermediates/pre-dexed/debug/classes-cb03a35c4774b80c7c7b2d5495a68d3df38d1223.jar /home/luciano/AndroidStudioProjects/Views/app/build/intermediates/exploded-aar/com.android.support/support-v4/22.1.1/jars/classes.jar
java_class_path (initial): /home/luciano/Android/Sdk/build-tools/22.0.1/lib/dx.jar
Launcher Type: SUN_STANDARD

Environment Variables:
JAVA_HOME=/usr/local/java/jdk1.8.0_25
PATH=/usr/local/sbin:/usr/local/bin:/usr/sbin:/usr/bin:/sbin:/bin:/usr/games:/usr/local/games:/home/luciano/bin:/usr/local/java/jdk1.8.0_25/bin
SHELL=/bin/bash
DISPLAY=:0

Signal Handlers:
SIGSEGV: [libjvm.so+0xaad1e0], sa_mask[0]=11111111011111111101111111111110, sa_flags=SA_RESTART|SA_SIGINFO
SIGBUS: [libjvm.so+0xaad1e0], sa_mask[0]=11111111011111111101111111111110, sa_flags=SA_RESTART|SA_SIGINFO
SIGFPE: [libjvm.so+0x90b450], sa_mask[0]=11111111011111111101111111111110, sa_flags=SA_RESTART|SA_SIGINFO
SIGPIPE: [libjvm.so+0x90b450], sa_mask[0]=11111111011111111101111111111110, sa_flags=SA_RESTART|SA_SIGINFO
SIGXFSZ: [libjvm.so+0x90b450], sa_mask[0]=11111111011111111101111111111110, sa_flags=SA_RESTART|SA_SIGINFO
SIGILL: [libjvm.so+0x90b450], sa_mask[0]=11111111011111111101111111111110, sa_flags=SA_RESTART|SA_SIGINFO
SIGUSR1: SIG_DFL, sa_mask[0]=00000000000000000000000000000000, sa_flags=none
SIGUSR2: [libjvm.so+0x90ca90], sa_mask[0]=00100000000000000000000000000000, sa_flags=SA_RESTART|SA_SIGINFO
SIGHUP: [libjvm.so+0x90dde0], sa_mask[0]=11111111011111111101111111111110, sa_flags=SA_RESTART|SA_SIGINFO
SIGINT: [libjvm.so+0x90dde0], sa_mask[0]=11111111011111111101111111111110, sa_flags=SA_RESTART|SA_SIGINFO
SIGTERM: [libjvm.so+0x90dde0], sa_mask[0]=11111111011111111101111111111110, sa_flags=SA_RESTART|SA_SIGINFO
SIGQUIT: [libjvm.so+0x90dde0], sa_mask[0]=11111111011111111101111111111110, sa_flags=SA_RESTART|SA_SIGINFO


---------------  S Y S T E M  ---------------

OS:DISTRIB_ID=Ubuntu
DISTRIB_RELEASE=14.04
DISTRIB_CODENAME=trusty
DISTRIB_DESCRIPTION="Ubuntu 14.04.2 LTS"

uname:Linux 3.13.0-53-generic #89-Ubuntu SMP Wed May 20 10:34:39 UTC 2015 x86_64
libc:glibc 2.19 NPTL 2.19 
rlimit: STACK 8192k, CORE 0k, NPROC 29892, NOFILE 4096, AS infinity
load average:2,55 0,87 0,47

/proc/meminfo:
MemTotal:        3910444 kB
MemFree:          104524 kB
Buffers:            1680 kB
Cached:           263044 kB
SwapCached:            0 kB
Active:          3359252 kB
Inactive:         258820 kB
Active(anon):    3355136 kB
Inactive(anon):   217856 kB
Active(file):       4116 kB
Inactive(file):    40964 kB
Unevictable:          68 kB
Mlocked:              68 kB
SwapTotal:             0 kB
SwapFree:              0 kB
Dirty:               336 kB
Writeback:             0 kB
AnonPages:       3353568 kB
Mapped:           114672 kB
Shmem:            219496 kB
Slab:              95428 kB
SReclaimable:      40688 kB
SUnreclaim:        54740 kB
KernelStack:        4808 kB
PageTables:        37516 kB
NFS_Unstable:          0 kB
Bounce:                0 kB
WritebackTmp:          0 kB
CommitLimit:     1955220 kB
Committed_AS:    7306448 kB
VmallocTotal:   34359738367 kB
VmallocUsed:      347824 kB
VmallocChunk:   34359382492 kB
HardwareCorrupted:     0 kB
AnonHugePages:    991232 kB
HugePages_Total:       0
HugePages_Free:        0
HugePages_Rsvd:        0
HugePages_Surp:        0
Hugepagesize:       2048 kB
DirectMap4k:       73976 kB
DirectMap2M:     3983360 kB


CPU:total 4 (2 cores per cpu, 2 threads per core) family 6 model 58 stepping 9, cmov, cx8, fxsr, mmx, sse, sse2, sse3, ssse3, sse4.1, sse4.2, popcnt, avx, aes, clmul, erms, ht, tsc, tscinvbit, tscinv

/proc/cpuinfo:
processor	: 0
vendor_id	: GenuineIntel
cpu family	: 6
model		: 58
model name	: Intel(R) Core(TM) i5-3210M CPU @ 2.50GHz
stepping	: 9
microcode	: 0x15
cpu MHz		: 2501.000
cache size	: 3072 KB
physical id	: 0
siblings	: 4
core id		: 0
cpu cores	: 2
apicid		: 0
initial apicid	: 0
fpu		: yes
fpu_exception	: yes
cpuid level	: 13
wp		: yes
flags		: fpu vme de pse tsc msr pae mce cx8 apic sep mtrr pge mca cmov pat pse36 clflush dts acpi mmx fxsr sse sse2 ss ht tm pbe syscall nx rdtscp lm constant_tsc arch_perfmon pebs bts rep_good nopl xtopology nonstop_tsc aperfmperf eagerfpu pni pclmulqdq dtes64 monitor ds_cpl vmx est tm2 ssse3 cx16 xtpr pdcm pcid sse4_1 sse4_2 x2apic popcnt tsc_deadline_timer aes xsave avx f16c rdrand lahf_lm ida arat epb xsaveopt pln pts dtherm tpr_shadow vnmi flexpriority ept vpid fsgsbase smep erms
bogomips	: 4988.50
clflush size	: 64
cache_alignment	: 64
address sizes	: 36 bits physical, 48 bits virtual
power management:

processor	: 1
vendor_id	: GenuineIntel
cpu family	: 6
model		: 58
model name	: Intel(R) Core(TM) i5-3210M CPU @ 2.50GHz
stepping	: 9
microcode	: 0x15
cpu MHz		: 2501.000
cache size	: 3072 KB
physical id	: 0
siblings	: 4
core id		: 0
cpu cores	: 2
apicid		: 1
initial apicid	: 1
fpu		: yes
fpu_exception	: yes
cpuid level	: 13
wp		: yes
flags		: fpu vme de pse tsc msr pae mce cx8 apic sep mtrr pge mca cmov pat pse36 clflush dts acpi mmx fxsr sse sse2 ss ht tm pbe syscall nx rdtscp lm constant_tsc arch_perfmon pebs bts rep_good nopl xtopology nonstop_tsc aperfmperf eagerfpu pni pclmulqdq dtes64 monitor ds_cpl vmx est tm2 ssse3 cx16 xtpr pdcm pcid sse4_1 sse4_2 x2apic popcnt tsc_deadline_timer aes xsave avx f16c rdrand lahf_lm ida arat epb xsaveopt pln pts dtherm tpr_shadow vnmi flexpriority ept vpid fsgsbase smep erms
bogomips	: 4988.50
clflush size	: 64
cache_alignment	: 64
address sizes	: 36 bits physical, 48 bits virtual
power management:

processor	: 2
vendor_id	: GenuineIntel
cpu family	: 6
model		: 58
model name	: Intel(R) Core(TM) i5-3210M CPU @ 2.50GHz
stepping	: 9
microcode	: 0x15
cpu MHz		: 2501.000
cache size	: 3072 KB
physical id	: 0
siblings	: 4
core id		: 1
cpu cores	: 2
apicid		: 2
initial apicid	: 2
fpu		: yes
fpu_exception	: yes
cpuid level	: 13
wp		: yes
flags		: fpu vme de pse tsc msr pae mce cx8 apic sep mtrr pge mca cmov pat pse36 clflush dts acpi mmx fxsr sse sse2 ss ht tm pbe syscall nx rdtscp lm constant_tsc arch_perfmon pebs bts rep_good nopl xtopology nonstop_tsc aperfmperf eagerfpu pni pclmulqdq dtes64 monitor ds_cpl vmx est tm2 ssse3 cx16 xtpr pdcm pcid sse4_1 sse4_2 x2apic popcnt tsc_deadline_timer aes xsave avx f16c rdrand lahf_lm ida arat epb xsaveopt pln pts dtherm tpr_shadow vnmi flexpriority ept vpid fsgsbase smep erms
bogomips	: 4988.50
clflush size	: 64
cache_alignment	: 64
address sizes	: 36 bits physical, 48 bits virtual
power management:

processor	: 3
vendor_id	: GenuineIntel
cpu family	: 6
model		: 58
model name	: Intel(R) Core(TM) i5-3210M CPU @ 2.50GHz
stepping	: 9
microcode	: 0x15
cpu MHz		: 1200.000
cache size	: 3072 KB
physical id	: 0
siblings	: 4
core id		: 1
cpu cores	: 2
apicid		: 3
initial apicid	: 3
fpu		: yes
fpu_exception	: yes
cpuid level	: 13
wp		: yes
flags		: fpu vme de pse tsc msr pae mce cx8 apic sep mtrr pge mca cmov pat pse36 clflush dts acpi mmx fxsr sse sse2 ss ht tm pbe syscall nx rdtscp lm constant_tsc arch_perfmon pebs bts rep_good nopl xtopology nonstop_tsc aperfmperf eagerfpu pni pclmulqdq dtes64 monitor ds_cpl vmx est tm2 ssse3 cx16 xtpr pdcm pcid sse4_1 sse4_2 x2apic popcnt tsc_deadline_timer aes xsave avx f16c rdrand lahf_lm ida arat epb xsaveopt pln pts dtherm tpr_shadow vnmi flexpriority ept vpid fsgsbase smep erms
bogomips	: 4988.50
clflush size	: 64
cache_alignment	: 64
address sizes	: 36 bits physical, 48 bits virtual
power management:



Memory: 4k page, physical 3910444k(104524k free), swap 0k(0k free)

vm_info: Java HotSpot(TM) 64-Bit Server VM (25.45-b02) for linux-amd64 JRE (1.8.0_45-b14), built on Apr 10 2015 10:07:45 by "java_re" with gcc 4.3.0 20080428 (Red Hat 4.3.0-8)

time: Wed Jun  3 16:05:31 2015
elapsed time: 14 seconds (0d 0h 0m 14s)

